<html xmlns:math="http://exslt.org/math" xmlns:testng="http://testng.org">
   <head>
      <title>TestNG Results</title>
      <meta http-equiv="content-type" content="text/html; charset=utf-8"></meta>
      <meta http-equiv="pragma" content="no-cache"></meta>
      <meta http-equiv="cache-control" content="max-age=0"></meta>
      <meta http-equiv="cache-control" content="no-cache"></meta>
      <meta http-equiv="cache-control" content="no-store"></meta>
      <LINK rel="stylesheet" href="style.css"></LINK>
      <script type="text/javascript" src="main.js"></script>
   </head>
   <body>
      <table width="100%" style="font-size: 16px; margin-bottom: 10px;" cellspacing="1">
         <tr>
            <td width="100%">
               Test case
               
               <b>UK Footer Link Test</b>
            </td>
            <td style="background-color: #FFBBBB; padding: 3px 3px 3px 0;" align="center">
               <div style="width: 50px;">6</div>
            </td>
            <td style="background-color: lightgreen; padding: 3px 3px 3px 0;" align="center">
               <div style="width: 50px;">0</div>
            </td>
            <td style="background-color: #FFFFBB; padding: 3px 3px 3px 0;" align="center">
               <div style="width: 50px;">0</div>
            </td>
            <td align="center" style="background-color: #eaf0f7; padding: 3px 3px 3px 0;">
               <div style="width: 50px;">6</div>
            </td>
            <td align="center"
                style="font-weight: bold; background-color: #eaf0f7; padding: 3px 3px 3px 0;">
               <div style="width: 50px;">0%</div>
            </td>
            <td style="background-color: #eaf0f7; padding: 3px 3px 3px 0;" align="center"
                nowrap="true">16m
               38s
               
            </td>
         </tr>
      </table>
      <div style="width: 200px;">
         <label for="groupMethodsCheckBox" style="font-weight: bold; margin: 0;">
            <input id="groupMethodsCheckBox" type="checkbox" onclick="switchTestMethodsView(this)"></input>
            Group by class
            
         </label>
         <br></br>
         <label for="methodsFilter_ALL" style="font-weight: bold; margin: 0;">
            <input id="methodsFilter_ALL" type="checkbox"
                   onclick="testMethodsFilterChanged(this, 'ALL')"></input>
            All
            
         </label>
      </div>
      <label for="methodsFilter_FAIL" style="margin-left: 20px;">
         <input id="methodsFilter_FAIL" type="checkbox"
                onclick="testMethodsFilterChanged(this, 'FAIL')"
                checked=""></input>
         Failed
         
      </label>
      <label for="methodsFilter_PASS">
         <input id="methodsFilter_PASS" type="checkbox"
                onclick="testMethodsFilterChanged(this, 'PASS')"
                checked=""></input>
         Passed
         
      </label>
      <label for="methodsFilter_SKIP">
         <input id="methodsFilter_SKIP" type="checkbox"
                onclick="testMethodsFilterChanged(this, 'SKIP')"
                checked=""></input>
         Skipped
         
      </label>
      <label for="methodsFilter_CONF">
         <input id="methodsFilter_CONF" type="checkbox"
                onclick="testMethodsFilterChanged(this, 'CONF')"></input>
         Config
         
      </label>
      <br></br>
      <div id="testMethodsByStatus">
         <table class="testMethodsTable" cellpadding="0" cellspacing="0">
            <tr class="methodsTableHeader">
               <td width="100%">Name</td>
               <td nowrap="true">Started</td>
               <td nowrap="true">Duration</td>
               <td>Exception</td>
            </tr>
            <tr id="spafinder.co.uk.HomepageFooterUK_resourcesFooterLinkInUK_byStatus_failed_FAIL1_row"
                class="testMethodStatusFAIL">
               <td width="100%" class="firstMethodCell">
                  <a onclick="toggleDetailsVisibility('spafinder.co.uk.HomepageFooterUK_resourcesFooterLinkInUK_byStatus_failed_FAIL1_details')">resourcesFooterLinkInUK()</a>
               </td>
               <td nowrap="true">08:31:49</td>
               <td nowrap="true" align="right">16m
                  30s
                  
               </td>
               <td nowrap="true">
                  <a onclick="toggleDetailsVisibility('spafinder.co.uk.HomepageFooterUK_resourcesFooterLinkInUK_byStatus_failed_FAIL1_exception')">org.openqa.selenium.remote.UnreachableBrowserException: 
                     Error communicating with the remote browser. It may have died.
                     Build info: version: '2.43.0', revision: '597b76b', time: '2014-09-09 20:52:38'
                     System info: host: 'DD-8MR3SW1', ip: '192.168.71.20', os.name: 'Windows 7', os.arch: 'amd64', os.version: '6.1', java.version:
                     '1.7.0_40'
                     Driver info: driver.version: EventFiringWebDriver
                     
                  </a>
                   
                  
               </td>
            </tr>
            <tr>
               <td colspan="4" class="detailsBox">
                  <div id="spafinder.co.uk.HomepageFooterUK_resourcesFooterLinkInUK_byStatus_failed_FAIL1_details"
                       class="testMethodDetails">
                     <div>
                        <b>Name: </b>resourcesFooterLinkInUK
                     </div>
                     <div>
                        <b>Signature: </b>resourcesFooterLinkInUK()[pri:0, instance:spafinder.co.uk.HomepageFooterUK@370e652]
                     </div>
                     <div>
                        <b>Start time: </b>08:31:49
                     </div>
                     <div>
                        <b>End time: </b>08:47:20
                     </div>
                     <div>
                        <b>Duration: </b>16m
                        30s
                        
                     </div>
                  </div>
               </td>
            </tr>
            <tr>
               <td colspan="4" class="detailsBox">
                  <div id="spafinder.co.uk.HomepageFooterUK_resourcesFooterLinkInUK_byStatus_failed_FAIL1_exception"
                       class="testMethodDetails">
                     <pre style="padding: 5px; margin: 0;">org.openqa.selenium.remote.UnreachableBrowserException: Error communicating with the remote browser. It may have died.
                        Build info: version: '2.43.0', revision: '597b76b', time: '2014-09-09 20:52:38'
                        System info: host: 'DD-8MR3SW1', ip: '192.168.71.20', os.name: 'Windows 7', os.arch: 'amd64', os.version: '6.1', java.version:
                        '1.7.0_40'
                        Driver info: driver.version: EventFiringWebDriver
                        	at org.openqa.selenium.remote.RemoteWebDriver.execute(RemoteWebDriver.java:593)
                        	at org.openqa.selenium.remote.RemoteWebDriver.get(RemoteWebDriver.java:304)
                        	at sun.reflect.GeneratedMethodAccessor15.invoke(Unknown Source)
                        	at sun.reflect.DelegatingMethodAccessorImpl.invoke(DelegatingMethodAccessorImpl.java:43)
                        	at java.lang.reflect.Method.invoke(Method.java:606)
                        	at org.openqa.selenium.support.events.EventFiringWebDriver$2.invoke(EventFiringWebDriver.java:101)
                        	at com.sun.proxy.$Proxy8.get(Unknown Source)
                        	at org.openqa.selenium.support.events.EventFiringWebDriver.get(EventFiringWebDriver.java:159)
                        	at spafinder.co.uk.HomepageFooterUK.resourcesFooterLinkInUK(HomepageFooterUK.java:20)
                        	at sun.reflect.NativeMethodAccessorImpl.invoke0(Native Method)
                        	at sun.reflect.NativeMethodAccessorImpl.invoke(NativeMethodAccessorImpl.java:57)
                        	at sun.reflect.DelegatingMethodAccessorImpl.invoke(DelegatingMethodAccessorImpl.java:43)
                        	at java.lang.reflect.Method.invoke(Method.java:606)
                        	at org.testng.internal.MethodInvocationHelper.invokeMethod(MethodInvocationHelper.java:84)
                        	at org.testng.internal.Invoker.invokeMethod(Invoker.java:714)
                        	at org.testng.internal.Invoker.invokeTestMethod(Invoker.java:901)
                        	at org.testng.internal.Invoker.invokeTestMethods(Invoker.java:1231)
                        	at org.testng.internal.TestMethodWorker.invokeTestMethods(TestMethodWorker.java:127)
                        	at org.testng.internal.TestMethodWorker.run(TestMethodWorker.java:111)
                        	at org.testng.TestRunner.privateRun(TestRunner.java:767)
                        	at org.testng.TestRunner.run(TestRunner.java:617)
                        	at org.testng.SuiteRunner.runTest(SuiteRunner.java:334)
                        	at org.testng.SuiteRunner.runSequentially(SuiteRunner.java:329)
                        	at org.testng.SuiteRunner.privateRun(SuiteRunner.java:291)
                        	at org.testng.SuiteRunner.run(SuiteRunner.java:240)
                        	at org.testng.SuiteRunnerWorker.runSuite(SuiteRunnerWorker.java:52)
                        	at org.testng.SuiteRunnerWorker.run(SuiteRunnerWorker.java:86)
                        	at org.testng.TestNG.runSuitesSequentially(TestNG.java:1224)
                        	at org.testng.TestNG.runSuitesLocally(TestNG.java:1149)
                        	at org.testng.TestNG.run(TestNG.java:1057)
                        	at org.testng.TestNG.privateMain(TestNG.java:1364)
                        	at org.testng.TestNG.main(TestNG.java:1333)
                        Caused by: org.apache.http.conn.HttpHostConnectException: Connect to 127.0.0.1:7056 [/127.0.0.1] failed: Connection refused:
                        connect
                        	at org.apache.http.impl.conn.HttpClientConnectionOperator.connect(HttpClientConnectionOperator.java:140)
                        	at org.apache.http.impl.conn.PoolingHttpClientConnectionManager.connect(PoolingHttpClientConnectionManager.java:318)
                        	at org.apache.http.impl.execchain.MainClientExec.establishRoute(MainClientExec.java:363)
                        	at org.apache.http.impl.execchain.MainClientExec.execute(MainClientExec.java:219)
                        	at org.apache.http.impl.execchain.ProtocolExec.execute(ProtocolExec.java:195)
                        	at org.apache.http.impl.execchain.RetryExec.execute(RetryExec.java:86)
                        	at org.apache.http.impl.execchain.RedirectExec.execute(RedirectExec.java:108)
                        	at org.apache.http.impl.client.InternalHttpClient.doExecute(InternalHttpClient.java:184)
                        	at org.apache.http.impl.client.CloseableHttpClient.execute(CloseableHttpClient.java:72)
                        	at org.apache.http.impl.client.CloseableHttpClient.execute(CloseableHttpClient.java:57)
                        	at org.openqa.selenium.remote.HttpCommandExecutor.fallBackExecute(HttpCommandExecutor.java:233)
                        	at org.openqa.selenium.remote.HttpCommandExecutor.execute(HttpCommandExecutor.java:184)
                        	at org.openqa.selenium.firefox.internal.NewProfileExtensionConnection.execute(NewProfileExtensionConnection.java:165)
                        	at org.openqa.selenium.firefox.FirefoxDriver$LazyCommandExecutor.execute(FirefoxDriver.java:364)
                        	at org.openqa.selenium.remote.RemoteWebDriver.execute(RemoteWebDriver.java:572)
                        	... 31 more
                        Caused by: java.net.ConnectException: Connection refused: connect
                        	at java.net.DualStackPlainSocketImpl.waitForConnect(Native Method)
                        	at java.net.DualStackPlainSocketImpl.socketConnect(DualStackPlainSocketImpl.java:85)
                        	at java.net.AbstractPlainSocketImpl.doConnect(AbstractPlainSocketImpl.java:339)
                        	at java.net.AbstractPlainSocketImpl.connectToAddress(AbstractPlainSocketImpl.java:200)
                        	at java.net.AbstractPlainSocketImpl.connect(AbstractPlainSocketImpl.java:182)
                        	at java.net.PlainSocketImpl.connect(PlainSocketImpl.java:172)
                        	at java.net.SocksSocketImpl.connect(SocksSocketImpl.java:392)
                        	at java.net.Socket.connect(Socket.java:579)
                        	at org.apache.http.conn.socket.PlainConnectionSocketFactory.connectSocket(PlainConnectionSocketFactory.java:72)
                        	at org.apache.http.impl.conn.HttpClientConnectionOperator.connect(HttpClientConnectionOperator.java:123)
                        	... 45 more
                     </pre>
                  </div>
               </td>
            </tr>
            <tr id="spafinder.co.uk.HomepageFooterUK_helpFooterLinkInUK_byStatus_failed_FAIL2_row"
                class="testMethodStatusFAIL">
               <td width="100%" class="firstMethodCell">
                  <a onclick="toggleDetailsVisibility('spafinder.co.uk.HomepageFooterUK_helpFooterLinkInUK_byStatus_failed_FAIL2_details')">helpFooterLinkInUK()</a>
               </td>
               <td nowrap="true">08:47:20</td>
               <td nowrap="true" align="right">1s
                  
               </td>
               <td nowrap="true">
                  <a onclick="toggleDetailsVisibility('spafinder.co.uk.HomepageFooterUK_helpFooterLinkInUK_byStatus_failed_FAIL2_exception')">org.openqa.selenium.remote.UnreachableBrowserException: 
                     Error communicating with the remote browser. It may have died.
                     Build info: version: '2.43.0', revision: '597b76b', time: '2014-09-09 20:52:38'
                     System info: host: 'DD-8MR3SW1', ip: '192.168.71.20', os.name: 'Windows 7', os.arch: 'amd64', os.version: '6.1', java.version:
                     '1.7.0_40'
                     Driver info: driver.version: EventFiringWebDriver
                     
                  </a>
                   
                  
               </td>
            </tr>
            <tr>
               <td colspan="4" class="detailsBox">
                  <div id="spafinder.co.uk.HomepageFooterUK_helpFooterLinkInUK_byStatus_failed_FAIL2_details"
                       class="testMethodDetails">
                     <div>
                        <b>Name: </b>helpFooterLinkInUK
                     </div>
                     <div>
                        <b>Signature: </b>helpFooterLinkInUK()[pri:0, instance:spafinder.co.uk.HomepageFooterUK@370e652]
                     </div>
                     <div>
                        <b>Start time: </b>08:47:20
                     </div>
                     <div>
                        <b>End time: </b>08:47:21
                     </div>
                     <div>
                        <b>Duration: </b>1s
                        
                     </div>
                  </div>
               </td>
            </tr>
            <tr>
               <td colspan="4" class="detailsBox">
                  <div id="spafinder.co.uk.HomepageFooterUK_helpFooterLinkInUK_byStatus_failed_FAIL2_exception"
                       class="testMethodDetails">
                     <pre style="padding: 5px; margin: 0;">org.openqa.selenium.remote.UnreachableBrowserException: Error communicating with the remote browser. It may have died.
                        Build info: version: '2.43.0', revision: '597b76b', time: '2014-09-09 20:52:38'
                        System info: host: 'DD-8MR3SW1', ip: '192.168.71.20', os.name: 'Windows 7', os.arch: 'amd64', os.version: '6.1', java.version:
                        '1.7.0_40'
                        Driver info: driver.version: EventFiringWebDriver
                        	at org.openqa.selenium.remote.RemoteWebDriver.execute(RemoteWebDriver.java:593)
                        	at org.openqa.selenium.remote.RemoteWebDriver.get(RemoteWebDriver.java:304)
                        	at sun.reflect.GeneratedMethodAccessor15.invoke(Unknown Source)
                        	at sun.reflect.DelegatingMethodAccessorImpl.invoke(DelegatingMethodAccessorImpl.java:43)
                        	at java.lang.reflect.Method.invoke(Method.java:606)
                        	at org.openqa.selenium.support.events.EventFiringWebDriver$2.invoke(EventFiringWebDriver.java:101)
                        	at com.sun.proxy.$Proxy8.get(Unknown Source)
                        	at org.openqa.selenium.support.events.EventFiringWebDriver.get(EventFiringWebDriver.java:159)
                        	at spafinder.co.uk.HomepageFooterUK.helpFooterLinkInUK(HomepageFooterUK.java:68)
                        	at sun.reflect.NativeMethodAccessorImpl.invoke0(Native Method)
                        	at sun.reflect.NativeMethodAccessorImpl.invoke(NativeMethodAccessorImpl.java:57)
                        	at sun.reflect.DelegatingMethodAccessorImpl.invoke(DelegatingMethodAccessorImpl.java:43)
                        	at java.lang.reflect.Method.invoke(Method.java:606)
                        	at org.testng.internal.MethodInvocationHelper.invokeMethod(MethodInvocationHelper.java:84)
                        	at org.testng.internal.Invoker.invokeMethod(Invoker.java:714)
                        	at org.testng.internal.Invoker.invokeTestMethod(Invoker.java:901)
                        	at org.testng.internal.Invoker.invokeTestMethods(Invoker.java:1231)
                        	at org.testng.internal.TestMethodWorker.invokeTestMethods(TestMethodWorker.java:127)
                        	at org.testng.internal.TestMethodWorker.run(TestMethodWorker.java:111)
                        	at org.testng.TestRunner.privateRun(TestRunner.java:767)
                        	at org.testng.TestRunner.run(TestRunner.java:617)
                        	at org.testng.SuiteRunner.runTest(SuiteRunner.java:334)
                        	at org.testng.SuiteRunner.runSequentially(SuiteRunner.java:329)
                        	at org.testng.SuiteRunner.privateRun(SuiteRunner.java:291)
                        	at org.testng.SuiteRunner.run(SuiteRunner.java:240)
                        	at org.testng.SuiteRunnerWorker.runSuite(SuiteRunnerWorker.java:52)
                        	at org.testng.SuiteRunnerWorker.run(SuiteRunnerWorker.java:86)
                        	at org.testng.TestNG.runSuitesSequentially(TestNG.java:1224)
                        	at org.testng.TestNG.runSuitesLocally(TestNG.java:1149)
                        	at org.testng.TestNG.run(TestNG.java:1057)
                        	at org.testng.TestNG.privateMain(TestNG.java:1364)
                        	at org.testng.TestNG.main(TestNG.java:1333)
                        Caused by: org.apache.http.conn.HttpHostConnectException: Connect to 127.0.0.1:7056 [/127.0.0.1] failed: Connection refused:
                        connect
                        	at org.apache.http.impl.conn.HttpClientConnectionOperator.connect(HttpClientConnectionOperator.java:140)
                        	at org.apache.http.impl.conn.PoolingHttpClientConnectionManager.connect(PoolingHttpClientConnectionManager.java:318)
                        	at org.apache.http.impl.execchain.MainClientExec.establishRoute(MainClientExec.java:363)
                        	at org.apache.http.impl.execchain.MainClientExec.execute(MainClientExec.java:219)
                        	at org.apache.http.impl.execchain.ProtocolExec.execute(ProtocolExec.java:195)
                        	at org.apache.http.impl.execchain.RetryExec.execute(RetryExec.java:86)
                        	at org.apache.http.impl.execchain.RedirectExec.execute(RedirectExec.java:108)
                        	at org.apache.http.impl.client.InternalHttpClient.doExecute(InternalHttpClient.java:184)
                        	at org.apache.http.impl.client.CloseableHttpClient.execute(CloseableHttpClient.java:72)
                        	at org.apache.http.impl.client.CloseableHttpClient.execute(CloseableHttpClient.java:57)
                        	at org.openqa.selenium.remote.HttpCommandExecutor.fallBackExecute(HttpCommandExecutor.java:215)
                        	at org.openqa.selenium.remote.HttpCommandExecutor.execute(HttpCommandExecutor.java:184)
                        	at org.openqa.selenium.firefox.internal.NewProfileExtensionConnection.execute(NewProfileExtensionConnection.java:165)
                        	at org.openqa.selenium.firefox.FirefoxDriver$LazyCommandExecutor.execute(FirefoxDriver.java:364)
                        	at org.openqa.selenium.remote.RemoteWebDriver.execute(RemoteWebDriver.java:572)
                        	... 31 more
                        Caused by: java.net.ConnectException: Connection refused: connect
                        	at java.net.DualStackPlainSocketImpl.waitForConnect(Native Method)
                        	at java.net.DualStackPlainSocketImpl.socketConnect(DualStackPlainSocketImpl.java:85)
                        	at java.net.AbstractPlainSocketImpl.doConnect(AbstractPlainSocketImpl.java:339)
                        	at java.net.AbstractPlainSocketImpl.connectToAddress(AbstractPlainSocketImpl.java:200)
                        	at java.net.AbstractPlainSocketImpl.connect(AbstractPlainSocketImpl.java:182)
                        	at java.net.PlainSocketImpl.connect(PlainSocketImpl.java:172)
                        	at java.net.SocksSocketImpl.connect(SocksSocketImpl.java:392)
                        	at java.net.Socket.connect(Socket.java:579)
                        	at org.apache.http.conn.socket.PlainConnectionSocketFactory.connectSocket(PlainConnectionSocketFactory.java:72)
                        	at org.apache.http.impl.conn.HttpClientConnectionOperator.connect(HttpClientConnectionOperator.java:123)
                        	... 45 more
                     </pre>
                  </div>
               </td>
            </tr>
            <tr id="spafinder.co.uk.HomepageFooterUK_businessPartnersFooterLinkInUK_byStatus_failed_FAIL3_row"
                class="testMethodStatusFAIL">
               <td width="100%" class="firstMethodCell">
                  <a onclick="toggleDetailsVisibility('spafinder.co.uk.HomepageFooterUK_businessPartnersFooterLinkInUK_byStatus_failed_FAIL3_details')">businessPartnersFooterLinkInUK()</a>
               </td>
               <td nowrap="true">08:47:21</td>
               <td nowrap="true" align="right">1s
                  
               </td>
               <td nowrap="true">
                  <a onclick="toggleDetailsVisibility('spafinder.co.uk.HomepageFooterUK_businessPartnersFooterLinkInUK_byStatus_failed_FAIL3_exception')">org.openqa.selenium.remote.UnreachableBrowserException: 
                     Error communicating with the remote browser. It may have died.
                     Build info: version: '2.43.0', revision: '597b76b', time: '2014-09-09 20:52:38'
                     System info: host: 'DD-8MR3SW1', ip: '192.168.71.20', os.name: 'Windows 7', os.arch: 'amd64', os.version: '6.1', java.version:
                     '1.7.0_40'
                     Driver info: driver.version: EventFiringWebDriver
                     
                  </a>
                   
                  
               </td>
            </tr>
            <tr>
               <td colspan="4" class="detailsBox">
                  <div id="spafinder.co.uk.HomepageFooterUK_businessPartnersFooterLinkInUK_byStatus_failed_FAIL3_details"
                       class="testMethodDetails">
                     <div>
                        <b>Name: </b>businessPartnersFooterLinkInUK
                     </div>
                     <div>
                        <b>Signature: </b>businessPartnersFooterLinkInUK()[pri:0, instance:spafinder.co.uk.HomepageFooterUK@370e652]
                     </div>
                     <div>
                        <b>Start time: </b>08:47:21
                     </div>
                     <div>
                        <b>End time: </b>08:47:22
                     </div>
                     <div>
                        <b>Duration: </b>1s
                        
                     </div>
                  </div>
               </td>
            </tr>
            <tr>
               <td colspan="4" class="detailsBox">
                  <div id="spafinder.co.uk.HomepageFooterUK_businessPartnersFooterLinkInUK_byStatus_failed_FAIL3_exception"
                       class="testMethodDetails">
                     <pre style="padding: 5px; margin: 0;">org.openqa.selenium.remote.UnreachableBrowserException: Error communicating with the remote browser. It may have died.
                        Build info: version: '2.43.0', revision: '597b76b', time: '2014-09-09 20:52:38'
                        System info: host: 'DD-8MR3SW1', ip: '192.168.71.20', os.name: 'Windows 7', os.arch: 'amd64', os.version: '6.1', java.version:
                        '1.7.0_40'
                        Driver info: driver.version: EventFiringWebDriver
                        	at org.openqa.selenium.remote.RemoteWebDriver.execute(RemoteWebDriver.java:593)
                        	at org.openqa.selenium.remote.RemoteWebDriver.get(RemoteWebDriver.java:304)
                        	at sun.reflect.GeneratedMethodAccessor15.invoke(Unknown Source)
                        	at sun.reflect.DelegatingMethodAccessorImpl.invoke(DelegatingMethodAccessorImpl.java:43)
                        	at java.lang.reflect.Method.invoke(Method.java:606)
                        	at org.openqa.selenium.support.events.EventFiringWebDriver$2.invoke(EventFiringWebDriver.java:101)
                        	at com.sun.proxy.$Proxy8.get(Unknown Source)
                        	at org.openqa.selenium.support.events.EventFiringWebDriver.get(EventFiringWebDriver.java:159)
                        	at spafinder.co.uk.HomepageFooterUK.businessPartnersFooterLinkInUK(HomepageFooterUK.java:102)
                        	at sun.reflect.NativeMethodAccessorImpl.invoke0(Native Method)
                        	at sun.reflect.NativeMethodAccessorImpl.invoke(NativeMethodAccessorImpl.java:57)
                        	at sun.reflect.DelegatingMethodAccessorImpl.invoke(DelegatingMethodAccessorImpl.java:43)
                        	at java.lang.reflect.Method.invoke(Method.java:606)
                        	at org.testng.internal.MethodInvocationHelper.invokeMethod(MethodInvocationHelper.java:84)
                        	at org.testng.internal.Invoker.invokeMethod(Invoker.java:714)
                        	at org.testng.internal.Invoker.invokeTestMethod(Invoker.java:901)
                        	at org.testng.internal.Invoker.invokeTestMethods(Invoker.java:1231)
                        	at org.testng.internal.TestMethodWorker.invokeTestMethods(TestMethodWorker.java:127)
                        	at org.testng.internal.TestMethodWorker.run(TestMethodWorker.java:111)
                        	at org.testng.TestRunner.privateRun(TestRunner.java:767)
                        	at org.testng.TestRunner.run(TestRunner.java:617)
                        	at org.testng.SuiteRunner.runTest(SuiteRunner.java:334)
                        	at org.testng.SuiteRunner.runSequentially(SuiteRunner.java:329)
                        	at org.testng.SuiteRunner.privateRun(SuiteRunner.java:291)
                        	at org.testng.SuiteRunner.run(SuiteRunner.java:240)
                        	at org.testng.SuiteRunnerWorker.runSuite(SuiteRunnerWorker.java:52)
                        	at org.testng.SuiteRunnerWorker.run(SuiteRunnerWorker.java:86)
                        	at org.testng.TestNG.runSuitesSequentially(TestNG.java:1224)
                        	at org.testng.TestNG.runSuitesLocally(TestNG.java:1149)
                        	at org.testng.TestNG.run(TestNG.java:1057)
                        	at org.testng.TestNG.privateMain(TestNG.java:1364)
                        	at org.testng.TestNG.main(TestNG.java:1333)
                        Caused by: org.apache.http.conn.HttpHostConnectException: Connect to 127.0.0.1:7056 [/127.0.0.1] failed: Connection refused:
                        connect
                        	at org.apache.http.impl.conn.HttpClientConnectionOperator.connect(HttpClientConnectionOperator.java:140)
                        	at org.apache.http.impl.conn.PoolingHttpClientConnectionManager.connect(PoolingHttpClientConnectionManager.java:318)
                        	at org.apache.http.impl.execchain.MainClientExec.establishRoute(MainClientExec.java:363)
                        	at org.apache.http.impl.execchain.MainClientExec.execute(MainClientExec.java:219)
                        	at org.apache.http.impl.execchain.ProtocolExec.execute(ProtocolExec.java:195)
                        	at org.apache.http.impl.execchain.RetryExec.execute(RetryExec.java:86)
                        	at org.apache.http.impl.execchain.RedirectExec.execute(RedirectExec.java:108)
                        	at org.apache.http.impl.client.InternalHttpClient.doExecute(InternalHttpClient.java:184)
                        	at org.apache.http.impl.client.CloseableHttpClient.execute(CloseableHttpClient.java:72)
                        	at org.apache.http.impl.client.CloseableHttpClient.execute(CloseableHttpClient.java:57)
                        	at org.openqa.selenium.remote.HttpCommandExecutor.fallBackExecute(HttpCommandExecutor.java:215)
                        	at org.openqa.selenium.remote.HttpCommandExecutor.execute(HttpCommandExecutor.java:184)
                        	at org.openqa.selenium.firefox.internal.NewProfileExtensionConnection.execute(NewProfileExtensionConnection.java:165)
                        	at org.openqa.selenium.firefox.FirefoxDriver$LazyCommandExecutor.execute(FirefoxDriver.java:364)
                        	at org.openqa.selenium.remote.RemoteWebDriver.execute(RemoteWebDriver.java:572)
                        	... 31 more
                        Caused by: java.net.ConnectException: Connection refused: connect
                        	at java.net.DualStackPlainSocketImpl.waitForConnect(Native Method)
                        	at java.net.DualStackPlainSocketImpl.socketConnect(DualStackPlainSocketImpl.java:85)
                        	at java.net.AbstractPlainSocketImpl.doConnect(AbstractPlainSocketImpl.java:339)
                        	at java.net.AbstractPlainSocketImpl.connectToAddress(AbstractPlainSocketImpl.java:200)
                        	at java.net.AbstractPlainSocketImpl.connect(AbstractPlainSocketImpl.java:182)
                        	at java.net.PlainSocketImpl.connect(PlainSocketImpl.java:172)
                        	at java.net.SocksSocketImpl.connect(SocksSocketImpl.java:392)
                        	at java.net.Socket.connect(Socket.java:579)
                        	at org.apache.http.conn.socket.PlainConnectionSocketFactory.connectSocket(PlainConnectionSocketFactory.java:72)
                        	at org.apache.http.impl.conn.HttpClientConnectionOperator.connect(HttpClientConnectionOperator.java:123)
                        	... 45 more
                     </pre>
                  </div>
               </td>
            </tr>
            <tr id="spafinder.co.uk.HomepageFooterUK_aboutPartnersFooterLinkInUK_byStatus_failed_FAIL4_row"
                class="testMethodStatusFAIL">
               <td width="100%" class="firstMethodCell">
                  <a onclick="toggleDetailsVisibility('spafinder.co.uk.HomepageFooterUK_aboutPartnersFooterLinkInUK_byStatus_failed_FAIL4_details')">aboutPartnersFooterLinkInUK()</a>
               </td>
               <td nowrap="true">08:47:22</td>
               <td nowrap="true" align="right">1s
                  
               </td>
               <td nowrap="true">
                  <a onclick="toggleDetailsVisibility('spafinder.co.uk.HomepageFooterUK_aboutPartnersFooterLinkInUK_byStatus_failed_FAIL4_exception')">org.openqa.selenium.remote.UnreachableBrowserException: 
                     Error communicating with the remote browser. It may have died.
                     Build info: version: '2.43.0', revision: '597b76b', time: '2014-09-09 20:52:38'
                     System info: host: 'DD-8MR3SW1', ip: '192.168.71.20', os.name: 'Windows 7', os.arch: 'amd64', os.version: '6.1', java.version:
                     '1.7.0_40'
                     Driver info: driver.version: EventFiringWebDriver
                     
                  </a>
                   
                  
               </td>
            </tr>
            <tr>
               <td colspan="4" class="detailsBox">
                  <div id="spafinder.co.uk.HomepageFooterUK_aboutPartnersFooterLinkInUK_byStatus_failed_FAIL4_details"
                       class="testMethodDetails">
                     <div>
                        <b>Name: </b>aboutPartnersFooterLinkInUK
                     </div>
                     <div>
                        <b>Signature: </b>aboutPartnersFooterLinkInUK()[pri:0, instance:spafinder.co.uk.HomepageFooterUK@370e652]
                     </div>
                     <div>
                        <b>Start time: </b>08:47:22
                     </div>
                     <div>
                        <b>End time: </b>08:47:23
                     </div>
                     <div>
                        <b>Duration: </b>1s
                        
                     </div>
                  </div>
               </td>
            </tr>
            <tr>
               <td colspan="4" class="detailsBox">
                  <div id="spafinder.co.uk.HomepageFooterUK_aboutPartnersFooterLinkInUK_byStatus_failed_FAIL4_exception"
                       class="testMethodDetails">
                     <pre style="padding: 5px; margin: 0;">org.openqa.selenium.remote.UnreachableBrowserException: Error communicating with the remote browser. It may have died.
                        Build info: version: '2.43.0', revision: '597b76b', time: '2014-09-09 20:52:38'
                        System info: host: 'DD-8MR3SW1', ip: '192.168.71.20', os.name: 'Windows 7', os.arch: 'amd64', os.version: '6.1', java.version:
                        '1.7.0_40'
                        Driver info: driver.version: EventFiringWebDriver
                        	at org.openqa.selenium.remote.RemoteWebDriver.execute(RemoteWebDriver.java:593)
                        	at org.openqa.selenium.remote.RemoteWebDriver.get(RemoteWebDriver.java:304)
                        	at sun.reflect.GeneratedMethodAccessor15.invoke(Unknown Source)
                        	at sun.reflect.DelegatingMethodAccessorImpl.invoke(DelegatingMethodAccessorImpl.java:43)
                        	at java.lang.reflect.Method.invoke(Method.java:606)
                        	at org.openqa.selenium.support.events.EventFiringWebDriver$2.invoke(EventFiringWebDriver.java:101)
                        	at com.sun.proxy.$Proxy8.get(Unknown Source)
                        	at org.openqa.selenium.support.events.EventFiringWebDriver.get(EventFiringWebDriver.java:159)
                        	at spafinder.co.uk.HomepageFooterUK.aboutPartnersFooterLinkInUK(HomepageFooterUK.java:135)
                        	at sun.reflect.NativeMethodAccessorImpl.invoke0(Native Method)
                        	at sun.reflect.NativeMethodAccessorImpl.invoke(NativeMethodAccessorImpl.java:57)
                        	at sun.reflect.DelegatingMethodAccessorImpl.invoke(DelegatingMethodAccessorImpl.java:43)
                        	at java.lang.reflect.Method.invoke(Method.java:606)
                        	at org.testng.internal.MethodInvocationHelper.invokeMethod(MethodInvocationHelper.java:84)
                        	at org.testng.internal.Invoker.invokeMethod(Invoker.java:714)
                        	at org.testng.internal.Invoker.invokeTestMethod(Invoker.java:901)
                        	at org.testng.internal.Invoker.invokeTestMethods(Invoker.java:1231)
                        	at org.testng.internal.TestMethodWorker.invokeTestMethods(TestMethodWorker.java:127)
                        	at org.testng.internal.TestMethodWorker.run(TestMethodWorker.java:111)
                        	at org.testng.TestRunner.privateRun(TestRunner.java:767)
                        	at org.testng.TestRunner.run(TestRunner.java:617)
                        	at org.testng.SuiteRunner.runTest(SuiteRunner.java:334)
                        	at org.testng.SuiteRunner.runSequentially(SuiteRunner.java:329)
                        	at org.testng.SuiteRunner.privateRun(SuiteRunner.java:291)
                        	at org.testng.SuiteRunner.run(SuiteRunner.java:240)
                        	at org.testng.SuiteRunnerWorker.runSuite(SuiteRunnerWorker.java:52)
                        	at org.testng.SuiteRunnerWorker.run(SuiteRunnerWorker.java:86)
                        	at org.testng.TestNG.runSuitesSequentially(TestNG.java:1224)
                        	at org.testng.TestNG.runSuitesLocally(TestNG.java:1149)
                        	at org.testng.TestNG.run(TestNG.java:1057)
                        	at org.testng.TestNG.privateMain(TestNG.java:1364)
                        	at org.testng.TestNG.main(TestNG.java:1333)
                        Caused by: org.apache.http.conn.HttpHostConnectException: Connect to 127.0.0.1:7056 [/127.0.0.1] failed: Connection refused:
                        connect
                        	at org.apache.http.impl.conn.HttpClientConnectionOperator.connect(HttpClientConnectionOperator.java:140)
                        	at org.apache.http.impl.conn.PoolingHttpClientConnectionManager.connect(PoolingHttpClientConnectionManager.java:318)
                        	at org.apache.http.impl.execchain.MainClientExec.establishRoute(MainClientExec.java:363)
                        	at org.apache.http.impl.execchain.MainClientExec.execute(MainClientExec.java:219)
                        	at org.apache.http.impl.execchain.ProtocolExec.execute(ProtocolExec.java:195)
                        	at org.apache.http.impl.execchain.RetryExec.execute(RetryExec.java:86)
                        	at org.apache.http.impl.execchain.RedirectExec.execute(RedirectExec.java:108)
                        	at org.apache.http.impl.client.InternalHttpClient.doExecute(InternalHttpClient.java:184)
                        	at org.apache.http.impl.client.CloseableHttpClient.execute(CloseableHttpClient.java:72)
                        	at org.apache.http.impl.client.CloseableHttpClient.execute(CloseableHttpClient.java:57)
                        	at org.openqa.selenium.remote.HttpCommandExecutor.fallBackExecute(HttpCommandExecutor.java:215)
                        	at org.openqa.selenium.remote.HttpCommandExecutor.execute(HttpCommandExecutor.java:184)
                        	at org.openqa.selenium.firefox.internal.NewProfileExtensionConnection.execute(NewProfileExtensionConnection.java:165)
                        	at org.openqa.selenium.firefox.FirefoxDriver$LazyCommandExecutor.execute(FirefoxDriver.java:364)
                        	at org.openqa.selenium.remote.RemoteWebDriver.execute(RemoteWebDriver.java:572)
                        	... 31 more
                        Caused by: java.net.ConnectException: Connection refused: connect
                        	at java.net.DualStackPlainSocketImpl.waitForConnect(Native Method)
                        	at java.net.DualStackPlainSocketImpl.socketConnect(DualStackPlainSocketImpl.java:85)
                        	at java.net.AbstractPlainSocketImpl.doConnect(AbstractPlainSocketImpl.java:339)
                        	at java.net.AbstractPlainSocketImpl.connectToAddress(AbstractPlainSocketImpl.java:200)
                        	at java.net.AbstractPlainSocketImpl.connect(AbstractPlainSocketImpl.java:182)
                        	at java.net.PlainSocketImpl.connect(PlainSocketImpl.java:172)
                        	at java.net.SocksSocketImpl.connect(SocksSocketImpl.java:392)
                        	at java.net.Socket.connect(Socket.java:579)
                        	at org.apache.http.conn.socket.PlainConnectionSocketFactory.connectSocket(PlainConnectionSocketFactory.java:72)
                        	at org.apache.http.impl.conn.HttpClientConnectionOperator.connect(HttpClientConnectionOperator.java:123)
                        	... 45 more
                     </pre>
                  </div>
               </td>
            </tr>
            <tr id="spafinder.co.uk.HomepageFooterUK_copyRightAndSocialNetworksInUK_byStatus_failed_FAIL5_row"
                class="testMethodStatusFAIL">
               <td width="100%" class="firstMethodCell">
                  <a onclick="toggleDetailsVisibility('spafinder.co.uk.HomepageFooterUK_copyRightAndSocialNetworksInUK_byStatus_failed_FAIL5_details')">copyRightAndSocialNetworksInUK()</a>
               </td>
               <td nowrap="true">08:47:23</td>
               <td nowrap="true" align="right">1s
                  
               </td>
               <td nowrap="true">
                  <a onclick="toggleDetailsVisibility('spafinder.co.uk.HomepageFooterUK_copyRightAndSocialNetworksInUK_byStatus_failed_FAIL5_exception')">org.openqa.selenium.remote.UnreachableBrowserException: 
                     Error communicating with the remote browser. It may have died.
                     Build info: version: '2.43.0', revision: '597b76b', time: '2014-09-09 20:52:38'
                     System info: host: 'DD-8MR3SW1', ip: '192.168.71.20', os.name: 'Windows 7', os.arch: 'amd64', os.version: '6.1', java.version:
                     '1.7.0_40'
                     Driver info: driver.version: EventFiringWebDriver
                     
                  </a>
                   
                  
               </td>
            </tr>
            <tr>
               <td colspan="4" class="detailsBox">
                  <div id="spafinder.co.uk.HomepageFooterUK_copyRightAndSocialNetworksInUK_byStatus_failed_FAIL5_details"
                       class="testMethodDetails">
                     <div>
                        <b>Name: </b>copyRightAndSocialNetworksInUK
                     </div>
                     <div>
                        <b>Signature: </b>copyRightAndSocialNetworksInUK()[pri:0, instance:spafinder.co.uk.HomepageFooterUK@370e652]
                     </div>
                     <div>
                        <b>Start time: </b>08:47:23
                     </div>
                     <div>
                        <b>End time: </b>08:47:24
                     </div>
                     <div>
                        <b>Duration: </b>1s
                        
                     </div>
                  </div>
               </td>
            </tr>
            <tr>
               <td colspan="4" class="detailsBox">
                  <div id="spafinder.co.uk.HomepageFooterUK_copyRightAndSocialNetworksInUK_byStatus_failed_FAIL5_exception"
                       class="testMethodDetails">
                     <pre style="padding: 5px; margin: 0;">org.openqa.selenium.remote.UnreachableBrowserException: Error communicating with the remote browser. It may have died.
                        Build info: version: '2.43.0', revision: '597b76b', time: '2014-09-09 20:52:38'
                        System info: host: 'DD-8MR3SW1', ip: '192.168.71.20', os.name: 'Windows 7', os.arch: 'amd64', os.version: '6.1', java.version:
                        '1.7.0_40'
                        Driver info: driver.version: EventFiringWebDriver
                        	at org.openqa.selenium.remote.RemoteWebDriver.execute(RemoteWebDriver.java:593)
                        	at org.openqa.selenium.remote.RemoteWebDriver.get(RemoteWebDriver.java:304)
                        	at sun.reflect.GeneratedMethodAccessor15.invoke(Unknown Source)
                        	at sun.reflect.DelegatingMethodAccessorImpl.invoke(DelegatingMethodAccessorImpl.java:43)
                        	at java.lang.reflect.Method.invoke(Method.java:606)
                        	at org.openqa.selenium.support.events.EventFiringWebDriver$2.invoke(EventFiringWebDriver.java:101)
                        	at com.sun.proxy.$Proxy8.get(Unknown Source)
                        	at org.openqa.selenium.support.events.EventFiringWebDriver.get(EventFiringWebDriver.java:159)
                        	at spafinder.co.uk.HomepageFooterUK.copyRightAndSocialNetworksInUK(HomepageFooterUK.java:163)
                        	at sun.reflect.NativeMethodAccessorImpl.invoke0(Native Method)
                        	at sun.reflect.NativeMethodAccessorImpl.invoke(NativeMethodAccessorImpl.java:57)
                        	at sun.reflect.DelegatingMethodAccessorImpl.invoke(DelegatingMethodAccessorImpl.java:43)
                        	at java.lang.reflect.Method.invoke(Method.java:606)
                        	at org.testng.internal.MethodInvocationHelper.invokeMethod(MethodInvocationHelper.java:84)
                        	at org.testng.internal.Invoker.invokeMethod(Invoker.java:714)
                        	at org.testng.internal.Invoker.invokeTestMethod(Invoker.java:901)
                        	at org.testng.internal.Invoker.invokeTestMethods(Invoker.java:1231)
                        	at org.testng.internal.TestMethodWorker.invokeTestMethods(TestMethodWorker.java:127)
                        	at org.testng.internal.TestMethodWorker.run(TestMethodWorker.java:111)
                        	at org.testng.TestRunner.privateRun(TestRunner.java:767)
                        	at org.testng.TestRunner.run(TestRunner.java:617)
                        	at org.testng.SuiteRunner.runTest(SuiteRunner.java:334)
                        	at org.testng.SuiteRunner.runSequentially(SuiteRunner.java:329)
                        	at org.testng.SuiteRunner.privateRun(SuiteRunner.java:291)
                        	at org.testng.SuiteRunner.run(SuiteRunner.java:240)
                        	at org.testng.SuiteRunnerWorker.runSuite(SuiteRunnerWorker.java:52)
                        	at org.testng.SuiteRunnerWorker.run(SuiteRunnerWorker.java:86)
                        	at org.testng.TestNG.runSuitesSequentially(TestNG.java:1224)
                        	at org.testng.TestNG.runSuitesLocally(TestNG.java:1149)
                        	at org.testng.TestNG.run(TestNG.java:1057)
                        	at org.testng.TestNG.privateMain(TestNG.java:1364)
                        	at org.testng.TestNG.main(TestNG.java:1333)
                        Caused by: org.apache.http.conn.HttpHostConnectException: Connect to 127.0.0.1:7056 [/127.0.0.1] failed: Connection refused:
                        connect
                        	at org.apache.http.impl.conn.HttpClientConnectionOperator.connect(HttpClientConnectionOperator.java:140)
                        	at org.apache.http.impl.conn.PoolingHttpClientConnectionManager.connect(PoolingHttpClientConnectionManager.java:318)
                        	at org.apache.http.impl.execchain.MainClientExec.establishRoute(MainClientExec.java:363)
                        	at org.apache.http.impl.execchain.MainClientExec.execute(MainClientExec.java:219)
                        	at org.apache.http.impl.execchain.ProtocolExec.execute(ProtocolExec.java:195)
                        	at org.apache.http.impl.execchain.RetryExec.execute(RetryExec.java:86)
                        	at org.apache.http.impl.execchain.RedirectExec.execute(RedirectExec.java:108)
                        	at org.apache.http.impl.client.InternalHttpClient.doExecute(InternalHttpClient.java:184)
                        	at org.apache.http.impl.client.CloseableHttpClient.execute(CloseableHttpClient.java:72)
                        	at org.apache.http.impl.client.CloseableHttpClient.execute(CloseableHttpClient.java:57)
                        	at org.openqa.selenium.remote.HttpCommandExecutor.fallBackExecute(HttpCommandExecutor.java:215)
                        	at org.openqa.selenium.remote.HttpCommandExecutor.execute(HttpCommandExecutor.java:184)
                        	at org.openqa.selenium.firefox.internal.NewProfileExtensionConnection.execute(NewProfileExtensionConnection.java:165)
                        	at org.openqa.selenium.firefox.FirefoxDriver$LazyCommandExecutor.execute(FirefoxDriver.java:364)
                        	at org.openqa.selenium.remote.RemoteWebDriver.execute(RemoteWebDriver.java:572)
                        	... 31 more
                        Caused by: java.net.ConnectException: Connection refused: connect
                        	at java.net.DualStackPlainSocketImpl.waitForConnect(Native Method)
                        	at java.net.DualStackPlainSocketImpl.socketConnect(DualStackPlainSocketImpl.java:85)
                        	at java.net.AbstractPlainSocketImpl.doConnect(AbstractPlainSocketImpl.java:339)
                        	at java.net.AbstractPlainSocketImpl.connectToAddress(AbstractPlainSocketImpl.java:200)
                        	at java.net.AbstractPlainSocketImpl.connect(AbstractPlainSocketImpl.java:182)
                        	at java.net.PlainSocketImpl.connect(PlainSocketImpl.java:172)
                        	at java.net.SocksSocketImpl.connect(SocksSocketImpl.java:392)
                        	at java.net.Socket.connect(Socket.java:579)
                        	at org.apache.http.conn.socket.PlainConnectionSocketFactory.connectSocket(PlainConnectionSocketFactory.java:72)
                        	at org.apache.http.impl.conn.HttpClientConnectionOperator.connect(HttpClientConnectionOperator.java:123)
                        	... 45 more
                     </pre>
                  </div>
               </td>
            </tr>
            <tr id="spafinder.co.uk.HomepageFooterUK_subscriptionInUK_byStatus_failed_FAIL6_row"
                class="testMethodStatusFAIL">
               <td width="100%" class="firstMethodCell">
                  <a onclick="toggleDetailsVisibility('spafinder.co.uk.HomepageFooterUK_subscriptionInUK_byStatus_failed_FAIL6_details')">subscriptionInUK()</a>
               </td>
               <td nowrap="true">08:47:24</td>
               <td nowrap="true" align="right">1s
                  
               </td>
               <td nowrap="true">
                  <a onclick="toggleDetailsVisibility('spafinder.co.uk.HomepageFooterUK_subscriptionInUK_byStatus_failed_FAIL6_exception')">org.openqa.selenium.remote.UnreachableBrowserException: 
                     Error communicating with the remote browser. It may have died.
                     Build info: version: '2.43.0', revision: '597b76b', time: '2014-09-09 20:52:38'
                     System info: host: 'DD-8MR3SW1', ip: '192.168.71.20', os.name: 'Windows 7', os.arch: 'amd64', os.version: '6.1', java.version:
                     '1.7.0_40'
                     Driver info: driver.version: EventFiringWebDriver
                     
                  </a>
                   
                  
               </td>
            </tr>
            <tr>
               <td colspan="4" class="detailsBox">
                  <div id="spafinder.co.uk.HomepageFooterUK_subscriptionInUK_byStatus_failed_FAIL6_details"
                       class="testMethodDetails">
                     <div>
                        <b>Name: </b>subscriptionInUK
                     </div>
                     <div>
                        <b>Signature: </b>subscriptionInUK()[pri:0, instance:spafinder.co.uk.HomepageFooterUK@370e652]
                     </div>
                     <div>
                        <b>Start time: </b>08:47:24
                     </div>
                     <div>
                        <b>End time: </b>08:47:25
                     </div>
                     <div>
                        <b>Duration: </b>1s
                        
                     </div>
                  </div>
               </td>
            </tr>
            <tr>
               <td colspan="4" class="detailsBox">
                  <div id="spafinder.co.uk.HomepageFooterUK_subscriptionInUK_byStatus_failed_FAIL6_exception"
                       class="testMethodDetails">
                     <pre style="padding: 5px; margin: 0;">org.openqa.selenium.remote.UnreachableBrowserException: Error communicating with the remote browser. It may have died.
                        Build info: version: '2.43.0', revision: '597b76b', time: '2014-09-09 20:52:38'
                        System info: host: 'DD-8MR3SW1', ip: '192.168.71.20', os.name: 'Windows 7', os.arch: 'amd64', os.version: '6.1', java.version:
                        '1.7.0_40'
                        Driver info: driver.version: EventFiringWebDriver
                        	at org.openqa.selenium.remote.RemoteWebDriver.execute(RemoteWebDriver.java:593)
                        	at org.openqa.selenium.remote.RemoteWebDriver.get(RemoteWebDriver.java:304)
                        	at sun.reflect.GeneratedMethodAccessor15.invoke(Unknown Source)
                        	at sun.reflect.DelegatingMethodAccessorImpl.invoke(DelegatingMethodAccessorImpl.java:43)
                        	at java.lang.reflect.Method.invoke(Method.java:606)
                        	at org.openqa.selenium.support.events.EventFiringWebDriver$2.invoke(EventFiringWebDriver.java:101)
                        	at com.sun.proxy.$Proxy8.get(Unknown Source)
                        	at org.openqa.selenium.support.events.EventFiringWebDriver.get(EventFiringWebDriver.java:159)
                        	at spafinder.co.uk.HomepageFooterUK.subscriptionInUK(HomepageFooterUK.java:202)
                        	at sun.reflect.NativeMethodAccessorImpl.invoke0(Native Method)
                        	at sun.reflect.NativeMethodAccessorImpl.invoke(NativeMethodAccessorImpl.java:57)
                        	at sun.reflect.DelegatingMethodAccessorImpl.invoke(DelegatingMethodAccessorImpl.java:43)
                        	at java.lang.reflect.Method.invoke(Method.java:606)
                        	at org.testng.internal.MethodInvocationHelper.invokeMethod(MethodInvocationHelper.java:84)
                        	at org.testng.internal.Invoker.invokeMethod(Invoker.java:714)
                        	at org.testng.internal.Invoker.invokeTestMethod(Invoker.java:901)
                        	at org.testng.internal.Invoker.invokeTestMethods(Invoker.java:1231)
                        	at org.testng.internal.TestMethodWorker.invokeTestMethods(TestMethodWorker.java:127)
                        	at org.testng.internal.TestMethodWorker.run(TestMethodWorker.java:111)
                        	at org.testng.TestRunner.privateRun(TestRunner.java:767)
                        	at org.testng.TestRunner.run(TestRunner.java:617)
                        	at org.testng.SuiteRunner.runTest(SuiteRunner.java:334)
                        	at org.testng.SuiteRunner.runSequentially(SuiteRunner.java:329)
                        	at org.testng.SuiteRunner.privateRun(SuiteRunner.java:291)
                        	at org.testng.SuiteRunner.run(SuiteRunner.java:240)
                        	at org.testng.SuiteRunnerWorker.runSuite(SuiteRunnerWorker.java:52)
                        	at org.testng.SuiteRunnerWorker.run(SuiteRunnerWorker.java:86)
                        	at org.testng.TestNG.runSuitesSequentially(TestNG.java:1224)
                        	at org.testng.TestNG.runSuitesLocally(TestNG.java:1149)
                        	at org.testng.TestNG.run(TestNG.java:1057)
                        	at org.testng.TestNG.privateMain(TestNG.java:1364)
                        	at org.testng.TestNG.main(TestNG.java:1333)
                        Caused by: org.apache.http.conn.HttpHostConnectException: Connect to 127.0.0.1:7056 [/127.0.0.1] failed: Connection refused:
                        connect
                        	at org.apache.http.impl.conn.HttpClientConnectionOperator.connect(HttpClientConnectionOperator.java:140)
                        	at org.apache.http.impl.conn.PoolingHttpClientConnectionManager.connect(PoolingHttpClientConnectionManager.java:318)
                        	at org.apache.http.impl.execchain.MainClientExec.establishRoute(MainClientExec.java:363)
                        	at org.apache.http.impl.execchain.MainClientExec.execute(MainClientExec.java:219)
                        	at org.apache.http.impl.execchain.ProtocolExec.execute(ProtocolExec.java:195)
                        	at org.apache.http.impl.execchain.RetryExec.execute(RetryExec.java:86)
                        	at org.apache.http.impl.execchain.RedirectExec.execute(RedirectExec.java:108)
                        	at org.apache.http.impl.client.InternalHttpClient.doExecute(InternalHttpClient.java:184)
                        	at org.apache.http.impl.client.CloseableHttpClient.execute(CloseableHttpClient.java:72)
                        	at org.apache.http.impl.client.CloseableHttpClient.execute(CloseableHttpClient.java:57)
                        	at org.openqa.selenium.remote.HttpCommandExecutor.fallBackExecute(HttpCommandExecutor.java:215)
                        	at org.openqa.selenium.remote.HttpCommandExecutor.execute(HttpCommandExecutor.java:184)
                        	at org.openqa.selenium.firefox.internal.NewProfileExtensionConnection.execute(NewProfileExtensionConnection.java:165)
                        	at org.openqa.selenium.firefox.FirefoxDriver$LazyCommandExecutor.execute(FirefoxDriver.java:364)
                        	at org.openqa.selenium.remote.RemoteWebDriver.execute(RemoteWebDriver.java:572)
                        	... 31 more
                        Caused by: java.net.ConnectException: Connection refused: connect
                        	at java.net.DualStackPlainSocketImpl.waitForConnect(Native Method)
                        	at java.net.DualStackPlainSocketImpl.socketConnect(DualStackPlainSocketImpl.java:85)
                        	at java.net.AbstractPlainSocketImpl.doConnect(AbstractPlainSocketImpl.java:339)
                        	at java.net.AbstractPlainSocketImpl.connectToAddress(AbstractPlainSocketImpl.java:200)
                        	at java.net.AbstractPlainSocketImpl.connect(AbstractPlainSocketImpl.java:182)
                        	at java.net.PlainSocketImpl.connect(PlainSocketImpl.java:172)
                        	at java.net.SocksSocketImpl.connect(SocksSocketImpl.java:392)
                        	at java.net.Socket.connect(Socket.java:579)
                        	at org.apache.http.conn.socket.PlainConnectionSocketFactory.connectSocket(PlainConnectionSocketFactory.java:72)
                        	at org.apache.http.impl.conn.HttpClientConnectionOperator.connect(HttpClientConnectionOperator.java:123)
                        	... 45 more
                     </pre>
                  </div>
               </td>
            </tr>
            <tr id="spafinder.co.uk.HomepageFooterUK_closeURL_byStatus_failed_FAIL7_row"
                class="testMethodStatusFAIL testMethodStatusCONF">
               <td width="100%" class="firstMethodCell">
                  <a onclick="toggleDetailsVisibility('spafinder.co.uk.HomepageFooterUK_closeURL_byStatus_failed_FAIL7_details')">closeURL()</a>
               </td>
               <td nowrap="true">08:47:25</td>
               <td nowrap="true" align="right">0 ms
                  
               </td>
               <td nowrap="true">
                  <a onclick="toggleDetailsVisibility('spafinder.co.uk.HomepageFooterUK_closeURL_byStatus_failed_FAIL7_exception')">org.openqa.selenium.remote.UnreachableBrowserException: 
                     Error communicating with the remote browser. It may have died.
                     Build info: version: '2.43.0', revision: '597b76b', time: '2014-09-09 20:52:38'
                     System info: host: 'DD-8MR3SW1', ip: '192.168.71.20', os.name: 'Windows 7', os.arch: 'amd64', os.version: '6.1', java.version:
                     '1.7.0_40'
                     Driver info: driver.version: EventFiringWebDriver
                     
                  </a>
                   
                  
               </td>
            </tr>
            <tr>
               <td colspan="4" class="detailsBox">
                  <div id="spafinder.co.uk.HomepageFooterUK_closeURL_byStatus_failed_FAIL7_details"
                       class="testMethodDetails">
                     <div>
                        <b>Name: </b>closeURL
                     </div>
                     <div>
                        <b>Signature: </b>closeURL()[pri:0, instance:spafinder.co.uk.HomepageFooterUK@370e652]
                     </div>
                     <div>
                        <b>Start time: </b>08:47:25
                     </div>
                     <div>
                        <b>End time: </b>08:47:25
                     </div>
                     <div>
                        <b>Duration: </b>0 ms
                        
                     </div>
                  </div>
               </td>
            </tr>
            <tr>
               <td colspan="4" class="detailsBox">
                  <div id="spafinder.co.uk.HomepageFooterUK_closeURL_byStatus_failed_FAIL7_exception"
                       class="testMethodDetails">
                     <pre style="padding: 5px; margin: 0;">org.openqa.selenium.remote.UnreachableBrowserException: Error communicating with the remote browser. It may have died.
                        Build info: version: '2.43.0', revision: '597b76b', time: '2014-09-09 20:52:38'
                        System info: host: 'DD-8MR3SW1', ip: '192.168.71.20', os.name: 'Windows 7', os.arch: 'amd64', os.version: '6.1', java.version:
                        '1.7.0_40'
                        Driver info: driver.version: EventFiringWebDriver
                        	at org.openqa.selenium.remote.RemoteWebDriver.execute(RemoteWebDriver.java:593)
                        	at org.openqa.selenium.remote.RemoteWebDriver.execute(RemoteWebDriver.java:614)
                        	at org.openqa.selenium.remote.RemoteWebDriver.close(RemoteWebDriver.java:463)
                        	at sun.reflect.GeneratedMethodAccessor17.invoke(Unknown Source)
                        	at sun.reflect.DelegatingMethodAccessorImpl.invoke(DelegatingMethodAccessorImpl.java:43)
                        	at java.lang.reflect.Method.invoke(Method.java:606)
                        	at org.openqa.selenium.support.events.EventFiringWebDriver$2.invoke(EventFiringWebDriver.java:101)
                        	at com.sun.proxy.$Proxy8.close(Unknown Source)
                        	at org.openqa.selenium.support.events.EventFiringWebDriver.close(EventFiringWebDriver.java:194)
                        	at spafinder.com.base.UKBaseClass.closeURL(UKBaseClass.java:86)
                        	at sun.reflect.GeneratedMethodAccessor26.invoke(Unknown Source)
                        	at sun.reflect.DelegatingMethodAccessorImpl.invoke(DelegatingMethodAccessorImpl.java:43)
                        	at java.lang.reflect.Method.invoke(Method.java:606)
                        	at org.testng.internal.MethodInvocationHelper.invokeMethod(MethodInvocationHelper.java:84)
                        	at org.testng.internal.Invoker.invokeConfigurationMethod(Invoker.java:564)
                        	at org.testng.internal.Invoker.invokeConfigurations(Invoker.java:213)
                        	at org.testng.internal.Invoker.invokeConfigurations(Invoker.java:138)
                        	at org.testng.TestRunner.afterRun(TestRunner.java:1014)
                        	at org.testng.TestRunner.run(TestRunner.java:621)
                        	at org.testng.SuiteRunner.runTest(SuiteRunner.java:334)
                        	at org.testng.SuiteRunner.runSequentially(SuiteRunner.java:329)
                        	at org.testng.SuiteRunner.privateRun(SuiteRunner.java:291)
                        	at org.testng.SuiteRunner.run(SuiteRunner.java:240)
                        	at org.testng.SuiteRunnerWorker.runSuite(SuiteRunnerWorker.java:52)
                        	at org.testng.SuiteRunnerWorker.run(SuiteRunnerWorker.java:86)
                        	at org.testng.TestNG.runSuitesSequentially(TestNG.java:1224)
                        	at org.testng.TestNG.runSuitesLocally(TestNG.java:1149)
                        	at org.testng.TestNG.run(TestNG.java:1057)
                        	at org.testng.TestNG.privateMain(TestNG.java:1364)
                        	at org.testng.TestNG.main(TestNG.java:1333)
                        Caused by: org.apache.http.conn.HttpHostConnectException: Connect to 127.0.0.1:7056 [/127.0.0.1] failed: Connection refused:
                        connect
                        	at org.apache.http.impl.conn.HttpClientConnectionOperator.connect(HttpClientConnectionOperator.java:140)
                        	at org.apache.http.impl.conn.PoolingHttpClientConnectionManager.connect(PoolingHttpClientConnectionManager.java:318)
                        	at org.apache.http.impl.execchain.MainClientExec.establishRoute(MainClientExec.java:363)
                        	at org.apache.http.impl.execchain.MainClientExec.execute(MainClientExec.java:219)
                        	at org.apache.http.impl.execchain.ProtocolExec.execute(ProtocolExec.java:195)
                        	at org.apache.http.impl.execchain.RetryExec.execute(RetryExec.java:86)
                        	at org.apache.http.impl.execchain.RedirectExec.execute(RedirectExec.java:108)
                        	at org.apache.http.impl.client.InternalHttpClient.doExecute(InternalHttpClient.java:184)
                        	at org.apache.http.impl.client.CloseableHttpClient.execute(CloseableHttpClient.java:72)
                        	at org.apache.http.impl.client.CloseableHttpClient.execute(CloseableHttpClient.java:57)
                        	at org.openqa.selenium.remote.HttpCommandExecutor.fallBackExecute(HttpCommandExecutor.java:215)
                        	at org.openqa.selenium.remote.HttpCommandExecutor.execute(HttpCommandExecutor.java:184)
                        	at org.openqa.selenium.firefox.internal.NewProfileExtensionConnection.execute(NewProfileExtensionConnection.java:165)
                        	at org.openqa.selenium.firefox.FirefoxDriver$LazyCommandExecutor.execute(FirefoxDriver.java:364)
                        	at org.openqa.selenium.remote.RemoteWebDriver.execute(RemoteWebDriver.java:572)
                        	... 29 more
                        Caused by: java.net.ConnectException: Connection refused: connect
                        	at java.net.DualStackPlainSocketImpl.waitForConnect(Native Method)
                        	at java.net.DualStackPlainSocketImpl.socketConnect(DualStackPlainSocketImpl.java:85)
                        	at java.net.AbstractPlainSocketImpl.doConnect(AbstractPlainSocketImpl.java:339)
                        	at java.net.AbstractPlainSocketImpl.connectToAddress(AbstractPlainSocketImpl.java:200)
                        	at java.net.AbstractPlainSocketImpl.connect(AbstractPlainSocketImpl.java:182)
                        	at java.net.PlainSocketImpl.connect(PlainSocketImpl.java:172)
                        	at java.net.SocksSocketImpl.connect(SocksSocketImpl.java:392)
                        	at java.net.Socket.connect(Socket.java:579)
                        	at org.apache.http.conn.socket.PlainConnectionSocketFactory.connectSocket(PlainConnectionSocketFactory.java:72)
                        	at org.apache.http.impl.conn.HttpClientConnectionOperator.connect(HttpClientConnectionOperator.java:123)
                        	... 43 more
                     </pre>
                  </div>
               </td>
            </tr>
            <tr id="spafinder.co.uk.HomepageFooterUK_setBrowser_byStatus_passed_PASS1_row"
                class="testMethodStatusPASS testMethodStatusCONF">
               <td width="100%" class="firstMethodCell">
                  <a onclick="toggleDetailsVisibility('spafinder.co.uk.HomepageFooterUK_setBrowser_byStatus_passed_PASS1_details')">setBrowser()</a>
               </td>
               <td nowrap="true">08:31:47</td>
               <td nowrap="true" align="right">2s
                  
               </td>
               <td nowrap="true">
                   
                  
               </td>
            </tr>
            <tr>
               <td colspan="4" class="detailsBox">
                  <div id="spafinder.co.uk.HomepageFooterUK_setBrowser_byStatus_passed_PASS1_details"
                       class="testMethodDetails">
                     <div>
                        <b>Name: </b>setBrowser
                     </div>
                     <div>
                        <b>Signature: </b>setBrowser()[pri:0, instance:spafinder.co.uk.HomepageFooterUK@370e652]
                     </div>
                     <div>
                        <b>Start time: </b>08:31:47
                     </div>
                     <div>
                        <b>End time: </b>08:31:49
                     </div>
                     <div>
                        <b>Duration: </b>2s
                        
                     </div>
                  </div>
               </td>
            </tr>
            <tr></tr>
         </table>
      </div>
      <div id="testMethodsByClass" style="display: none;">
         <table class="testMethodsTable" cellpadding="0" cellspacing="0">
            <tr>
               <td colspan="4">
                  <h3 style="display: inline;">spafinder.co.uk.HomepageFooterUK</h3>
               </td>
            </tr>
            <tr class="methodsTableHeader">
               <td width="100%">Name</td>
               <td nowrap="true">Started</td>
               <td nowrap="true">Duration</td>
               <td>Exception</td>
            </tr>
            <tr id="spafinder.co.uk.HomepageFooterUK_setBrowser_byClass_PASS1_row"
                class="testMethodStatusPASS testMethodStatusCONF">
               <td width="100%" class="firstMethodCell">
                  <a onclick="toggleDetailsVisibility('spafinder.co.uk.HomepageFooterUK_setBrowser_byClass_PASS1_details')">setBrowser()</a>
               </td>
               <td nowrap="true">08:31:47</td>
               <td nowrap="true" align="right">2s
                  
               </td>
               <td nowrap="true">
                   
                  
               </td>
            </tr>
            <tr>
               <td colspan="4" class="detailsBox">
                  <div id="spafinder.co.uk.HomepageFooterUK_setBrowser_byClass_PASS1_details"
                       class="testMethodDetails">
                     <div>
                        <b>Name: </b>setBrowser
                     </div>
                     <div>
                        <b>Signature: </b>setBrowser()[pri:0, instance:spafinder.co.uk.HomepageFooterUK@370e652]
                     </div>
                     <div>
                        <b>Start time: </b>08:31:47
                     </div>
                     <div>
                        <b>End time: </b>08:31:49
                     </div>
                     <div>
                        <b>Duration: </b>2s
                        
                     </div>
                  </div>
               </td>
            </tr>
            <tr></tr>
            <tr id="spafinder.co.uk.HomepageFooterUK_resourcesFooterLinkInUK_byClass_FAIL2_row"
                class="testMethodStatusFAIL">
               <td width="100%" class="firstMethodCell">
                  <a onclick="toggleDetailsVisibility('spafinder.co.uk.HomepageFooterUK_resourcesFooterLinkInUK_byClass_FAIL2_details')">resourcesFooterLinkInUK()</a>
               </td>
               <td nowrap="true">08:31:49</td>
               <td nowrap="true" align="right">16m
                  30s
                  
               </td>
               <td nowrap="true">
                  <a onclick="toggleDetailsVisibility('spafinder.co.uk.HomepageFooterUK_resourcesFooterLinkInUK_byClass_FAIL2_exception')">org.openqa.selenium.remote.UnreachableBrowserException: 
                     Error communicating with the remote browser. It may have died.
                     Build info: version: '2.43.0', revision: '597b76b', time: '2014-09-09 20:52:38'
                     System info: host: 'DD-8MR3SW1', ip: '192.168.71.20', os.name: 'Windows 7', os.arch: 'amd64', os.version: '6.1', java.version:
                     '1.7.0_40'
                     Driver info: driver.version: EventFiringWebDriver
                     
                  </a>
                   
                  
               </td>
            </tr>
            <tr>
               <td colspan="4" class="detailsBox">
                  <div id="spafinder.co.uk.HomepageFooterUK_resourcesFooterLinkInUK_byClass_FAIL2_details"
                       class="testMethodDetails">
                     <div>
                        <b>Name: </b>resourcesFooterLinkInUK
                     </div>
                     <div>
                        <b>Signature: </b>resourcesFooterLinkInUK()[pri:0, instance:spafinder.co.uk.HomepageFooterUK@370e652]
                     </div>
                     <div>
                        <b>Start time: </b>08:31:49
                     </div>
                     <div>
                        <b>End time: </b>08:47:20
                     </div>
                     <div>
                        <b>Duration: </b>16m
                        30s
                        
                     </div>
                  </div>
               </td>
            </tr>
            <tr>
               <td colspan="4" class="detailsBox">
                  <div id="spafinder.co.uk.HomepageFooterUK_resourcesFooterLinkInUK_byClass_FAIL2_exception"
                       class="testMethodDetails">
                     <pre style="padding: 5px; margin: 0;">org.openqa.selenium.remote.UnreachableBrowserException: Error communicating with the remote browser. It may have died.
                        Build info: version: '2.43.0', revision: '597b76b', time: '2014-09-09 20:52:38'
                        System info: host: 'DD-8MR3SW1', ip: '192.168.71.20', os.name: 'Windows 7', os.arch: 'amd64', os.version: '6.1', java.version:
                        '1.7.0_40'
                        Driver info: driver.version: EventFiringWebDriver
                        	at org.openqa.selenium.remote.RemoteWebDriver.execute(RemoteWebDriver.java:593)
                        	at org.openqa.selenium.remote.RemoteWebDriver.get(RemoteWebDriver.java:304)
                        	at sun.reflect.GeneratedMethodAccessor15.invoke(Unknown Source)
                        	at sun.reflect.DelegatingMethodAccessorImpl.invoke(DelegatingMethodAccessorImpl.java:43)
                        	at java.lang.reflect.Method.invoke(Method.java:606)
                        	at org.openqa.selenium.support.events.EventFiringWebDriver$2.invoke(EventFiringWebDriver.java:101)
                        	at com.sun.proxy.$Proxy8.get(Unknown Source)
                        	at org.openqa.selenium.support.events.EventFiringWebDriver.get(EventFiringWebDriver.java:159)
                        	at spafinder.co.uk.HomepageFooterUK.resourcesFooterLinkInUK(HomepageFooterUK.java:20)
                        	at sun.reflect.NativeMethodAccessorImpl.invoke0(Native Method)
                        	at sun.reflect.NativeMethodAccessorImpl.invoke(NativeMethodAccessorImpl.java:57)
                        	at sun.reflect.DelegatingMethodAccessorImpl.invoke(DelegatingMethodAccessorImpl.java:43)
                        	at java.lang.reflect.Method.invoke(Method.java:606)
                        	at org.testng.internal.MethodInvocationHelper.invokeMethod(MethodInvocationHelper.java:84)
                        	at org.testng.internal.Invoker.invokeMethod(Invoker.java:714)
                        	at org.testng.internal.Invoker.invokeTestMethod(Invoker.java:901)
                        	at org.testng.internal.Invoker.invokeTestMethods(Invoker.java:1231)
                        	at org.testng.internal.TestMethodWorker.invokeTestMethods(TestMethodWorker.java:127)
                        	at org.testng.internal.TestMethodWorker.run(TestMethodWorker.java:111)
                        	at org.testng.TestRunner.privateRun(TestRunner.java:767)
                        	at org.testng.TestRunner.run(TestRunner.java:617)
                        	at org.testng.SuiteRunner.runTest(SuiteRunner.java:334)
                        	at org.testng.SuiteRunner.runSequentially(SuiteRunner.java:329)
                        	at org.testng.SuiteRunner.privateRun(SuiteRunner.java:291)
                        	at org.testng.SuiteRunner.run(SuiteRunner.java:240)
                        	at org.testng.SuiteRunnerWorker.runSuite(SuiteRunnerWorker.java:52)
                        	at org.testng.SuiteRunnerWorker.run(SuiteRunnerWorker.java:86)
                        	at org.testng.TestNG.runSuitesSequentially(TestNG.java:1224)
                        	at org.testng.TestNG.runSuitesLocally(TestNG.java:1149)
                        	at org.testng.TestNG.run(TestNG.java:1057)
                        	at org.testng.TestNG.privateMain(TestNG.java:1364)
                        	at org.testng.TestNG.main(TestNG.java:1333)
                        Caused by: org.apache.http.conn.HttpHostConnectException: Connect to 127.0.0.1:7056 [/127.0.0.1] failed: Connection refused:
                        connect
                        	at org.apache.http.impl.conn.HttpClientConnectionOperator.connect(HttpClientConnectionOperator.java:140)
                        	at org.apache.http.impl.conn.PoolingHttpClientConnectionManager.connect(PoolingHttpClientConnectionManager.java:318)
                        	at org.apache.http.impl.execchain.MainClientExec.establishRoute(MainClientExec.java:363)
                        	at org.apache.http.impl.execchain.MainClientExec.execute(MainClientExec.java:219)
                        	at org.apache.http.impl.execchain.ProtocolExec.execute(ProtocolExec.java:195)
                        	at org.apache.http.impl.execchain.RetryExec.execute(RetryExec.java:86)
                        	at org.apache.http.impl.execchain.RedirectExec.execute(RedirectExec.java:108)
                        	at org.apache.http.impl.client.InternalHttpClient.doExecute(InternalHttpClient.java:184)
                        	at org.apache.http.impl.client.CloseableHttpClient.execute(CloseableHttpClient.java:72)
                        	at org.apache.http.impl.client.CloseableHttpClient.execute(CloseableHttpClient.java:57)
                        	at org.openqa.selenium.remote.HttpCommandExecutor.fallBackExecute(HttpCommandExecutor.java:233)
                        	at org.openqa.selenium.remote.HttpCommandExecutor.execute(HttpCommandExecutor.java:184)
                        	at org.openqa.selenium.firefox.internal.NewProfileExtensionConnection.execute(NewProfileExtensionConnection.java:165)
                        	at org.openqa.selenium.firefox.FirefoxDriver$LazyCommandExecutor.execute(FirefoxDriver.java:364)
                        	at org.openqa.selenium.remote.RemoteWebDriver.execute(RemoteWebDriver.java:572)
                        	... 31 more
                        Caused by: java.net.ConnectException: Connection refused: connect
                        	at java.net.DualStackPlainSocketImpl.waitForConnect(Native Method)
                        	at java.net.DualStackPlainSocketImpl.socketConnect(DualStackPlainSocketImpl.java:85)
                        	at java.net.AbstractPlainSocketImpl.doConnect(AbstractPlainSocketImpl.java:339)
                        	at java.net.AbstractPlainSocketImpl.connectToAddress(AbstractPlainSocketImpl.java:200)
                        	at java.net.AbstractPlainSocketImpl.connect(AbstractPlainSocketImpl.java:182)
                        	at java.net.PlainSocketImpl.connect(PlainSocketImpl.java:172)
                        	at java.net.SocksSocketImpl.connect(SocksSocketImpl.java:392)
                        	at java.net.Socket.connect(Socket.java:579)
                        	at org.apache.http.conn.socket.PlainConnectionSocketFactory.connectSocket(PlainConnectionSocketFactory.java:72)
                        	at org.apache.http.impl.conn.HttpClientConnectionOperator.connect(HttpClientConnectionOperator.java:123)
                        	... 45 more
                     </pre>
                  </div>
               </td>
            </tr>
            <tr id="spafinder.co.uk.HomepageFooterUK_helpFooterLinkInUK_byClass_FAIL3_row"
                class="testMethodStatusFAIL">
               <td width="100%" class="firstMethodCell">
                  <a onclick="toggleDetailsVisibility('spafinder.co.uk.HomepageFooterUK_helpFooterLinkInUK_byClass_FAIL3_details')">helpFooterLinkInUK()</a>
               </td>
               <td nowrap="true">08:47:20</td>
               <td nowrap="true" align="right">1s
                  
               </td>
               <td nowrap="true">
                  <a onclick="toggleDetailsVisibility('spafinder.co.uk.HomepageFooterUK_helpFooterLinkInUK_byClass_FAIL3_exception')">org.openqa.selenium.remote.UnreachableBrowserException: 
                     Error communicating with the remote browser. It may have died.
                     Build info: version: '2.43.0', revision: '597b76b', time: '2014-09-09 20:52:38'
                     System info: host: 'DD-8MR3SW1', ip: '192.168.71.20', os.name: 'Windows 7', os.arch: 'amd64', os.version: '6.1', java.version:
                     '1.7.0_40'
                     Driver info: driver.version: EventFiringWebDriver
                     
                  </a>
                   
                  
               </td>
            </tr>
            <tr>
               <td colspan="4" class="detailsBox">
                  <div id="spafinder.co.uk.HomepageFooterUK_helpFooterLinkInUK_byClass_FAIL3_details"
                       class="testMethodDetails">
                     <div>
                        <b>Name: </b>helpFooterLinkInUK
                     </div>
                     <div>
                        <b>Signature: </b>helpFooterLinkInUK()[pri:0, instance:spafinder.co.uk.HomepageFooterUK@370e652]
                     </div>
                     <div>
                        <b>Start time: </b>08:47:20
                     </div>
                     <div>
                        <b>End time: </b>08:47:21
                     </div>
                     <div>
                        <b>Duration: </b>1s
                        
                     </div>
                  </div>
               </td>
            </tr>
            <tr>
               <td colspan="4" class="detailsBox">
                  <div id="spafinder.co.uk.HomepageFooterUK_helpFooterLinkInUK_byClass_FAIL3_exception"
                       class="testMethodDetails">
                     <pre style="padding: 5px; margin: 0;">org.openqa.selenium.remote.UnreachableBrowserException: Error communicating with the remote browser. It may have died.
                        Build info: version: '2.43.0', revision: '597b76b', time: '2014-09-09 20:52:38'
                        System info: host: 'DD-8MR3SW1', ip: '192.168.71.20', os.name: 'Windows 7', os.arch: 'amd64', os.version: '6.1', java.version:
                        '1.7.0_40'
                        Driver info: driver.version: EventFiringWebDriver
                        	at org.openqa.selenium.remote.RemoteWebDriver.execute(RemoteWebDriver.java:593)
                        	at org.openqa.selenium.remote.RemoteWebDriver.get(RemoteWebDriver.java:304)
                        	at sun.reflect.GeneratedMethodAccessor15.invoke(Unknown Source)
                        	at sun.reflect.DelegatingMethodAccessorImpl.invoke(DelegatingMethodAccessorImpl.java:43)
                        	at java.lang.reflect.Method.invoke(Method.java:606)
                        	at org.openqa.selenium.support.events.EventFiringWebDriver$2.invoke(EventFiringWebDriver.java:101)
                        	at com.sun.proxy.$Proxy8.get(Unknown Source)
                        	at org.openqa.selenium.support.events.EventFiringWebDriver.get(EventFiringWebDriver.java:159)
                        	at spafinder.co.uk.HomepageFooterUK.helpFooterLinkInUK(HomepageFooterUK.java:68)
                        	at sun.reflect.NativeMethodAccessorImpl.invoke0(Native Method)
                        	at sun.reflect.NativeMethodAccessorImpl.invoke(NativeMethodAccessorImpl.java:57)
                        	at sun.reflect.DelegatingMethodAccessorImpl.invoke(DelegatingMethodAccessorImpl.java:43)
                        	at java.lang.reflect.Method.invoke(Method.java:606)
                        	at org.testng.internal.MethodInvocationHelper.invokeMethod(MethodInvocationHelper.java:84)
                        	at org.testng.internal.Invoker.invokeMethod(Invoker.java:714)
                        	at org.testng.internal.Invoker.invokeTestMethod(Invoker.java:901)
                        	at org.testng.internal.Invoker.invokeTestMethods(Invoker.java:1231)
                        	at org.testng.internal.TestMethodWorker.invokeTestMethods(TestMethodWorker.java:127)
                        	at org.testng.internal.TestMethodWorker.run(TestMethodWorker.java:111)
                        	at org.testng.TestRunner.privateRun(TestRunner.java:767)
                        	at org.testng.TestRunner.run(TestRunner.java:617)
                        	at org.testng.SuiteRunner.runTest(SuiteRunner.java:334)
                        	at org.testng.SuiteRunner.runSequentially(SuiteRunner.java:329)
                        	at org.testng.SuiteRunner.privateRun(SuiteRunner.java:291)
                        	at org.testng.SuiteRunner.run(SuiteRunner.java:240)
                        	at org.testng.SuiteRunnerWorker.runSuite(SuiteRunnerWorker.java:52)
                        	at org.testng.SuiteRunnerWorker.run(SuiteRunnerWorker.java:86)
                        	at org.testng.TestNG.runSuitesSequentially(TestNG.java:1224)
                        	at org.testng.TestNG.runSuitesLocally(TestNG.java:1149)
                        	at org.testng.TestNG.run(TestNG.java:1057)
                        	at org.testng.TestNG.privateMain(TestNG.java:1364)
                        	at org.testng.TestNG.main(TestNG.java:1333)
                        Caused by: org.apache.http.conn.HttpHostConnectException: Connect to 127.0.0.1:7056 [/127.0.0.1] failed: Connection refused:
                        connect
                        	at org.apache.http.impl.conn.HttpClientConnectionOperator.connect(HttpClientConnectionOperator.java:140)
                        	at org.apache.http.impl.conn.PoolingHttpClientConnectionManager.connect(PoolingHttpClientConnectionManager.java:318)
                        	at org.apache.http.impl.execchain.MainClientExec.establishRoute(MainClientExec.java:363)
                        	at org.apache.http.impl.execchain.MainClientExec.execute(MainClientExec.java:219)
                        	at org.apache.http.impl.execchain.ProtocolExec.execute(ProtocolExec.java:195)
                        	at org.apache.http.impl.execchain.RetryExec.execute(RetryExec.java:86)
                        	at org.apache.http.impl.execchain.RedirectExec.execute(RedirectExec.java:108)
                        	at org.apache.http.impl.client.InternalHttpClient.doExecute(InternalHttpClient.java:184)
                        	at org.apache.http.impl.client.CloseableHttpClient.execute(CloseableHttpClient.java:72)
                        	at org.apache.http.impl.client.CloseableHttpClient.execute(CloseableHttpClient.java:57)
                        	at org.openqa.selenium.remote.HttpCommandExecutor.fallBackExecute(HttpCommandExecutor.java:215)
                        	at org.openqa.selenium.remote.HttpCommandExecutor.execute(HttpCommandExecutor.java:184)
                        	at org.openqa.selenium.firefox.internal.NewProfileExtensionConnection.execute(NewProfileExtensionConnection.java:165)
                        	at org.openqa.selenium.firefox.FirefoxDriver$LazyCommandExecutor.execute(FirefoxDriver.java:364)
                        	at org.openqa.selenium.remote.RemoteWebDriver.execute(RemoteWebDriver.java:572)
                        	... 31 more
                        Caused by: java.net.ConnectException: Connection refused: connect
                        	at java.net.DualStackPlainSocketImpl.waitForConnect(Native Method)
                        	at java.net.DualStackPlainSocketImpl.socketConnect(DualStackPlainSocketImpl.java:85)
                        	at java.net.AbstractPlainSocketImpl.doConnect(AbstractPlainSocketImpl.java:339)
                        	at java.net.AbstractPlainSocketImpl.connectToAddress(AbstractPlainSocketImpl.java:200)
                        	at java.net.AbstractPlainSocketImpl.connect(AbstractPlainSocketImpl.java:182)
                        	at java.net.PlainSocketImpl.connect(PlainSocketImpl.java:172)
                        	at java.net.SocksSocketImpl.connect(SocksSocketImpl.java:392)
                        	at java.net.Socket.connect(Socket.java:579)
                        	at org.apache.http.conn.socket.PlainConnectionSocketFactory.connectSocket(PlainConnectionSocketFactory.java:72)
                        	at org.apache.http.impl.conn.HttpClientConnectionOperator.connect(HttpClientConnectionOperator.java:123)
                        	... 45 more
                     </pre>
                  </div>
               </td>
            </tr>
            <tr id="spafinder.co.uk.HomepageFooterUK_businessPartnersFooterLinkInUK_byClass_FAIL4_row"
                class="testMethodStatusFAIL">
               <td width="100%" class="firstMethodCell">
                  <a onclick="toggleDetailsVisibility('spafinder.co.uk.HomepageFooterUK_businessPartnersFooterLinkInUK_byClass_FAIL4_details')">businessPartnersFooterLinkInUK()</a>
               </td>
               <td nowrap="true">08:47:21</td>
               <td nowrap="true" align="right">1s
                  
               </td>
               <td nowrap="true">
                  <a onclick="toggleDetailsVisibility('spafinder.co.uk.HomepageFooterUK_businessPartnersFooterLinkInUK_byClass_FAIL4_exception')">org.openqa.selenium.remote.UnreachableBrowserException: 
                     Error communicating with the remote browser. It may have died.
                     Build info: version: '2.43.0', revision: '597b76b', time: '2014-09-09 20:52:38'
                     System info: host: 'DD-8MR3SW1', ip: '192.168.71.20', os.name: 'Windows 7', os.arch: 'amd64', os.version: '6.1', java.version:
                     '1.7.0_40'
                     Driver info: driver.version: EventFiringWebDriver
                     
                  </a>
                   
                  
               </td>
            </tr>
            <tr>
               <td colspan="4" class="detailsBox">
                  <div id="spafinder.co.uk.HomepageFooterUK_businessPartnersFooterLinkInUK_byClass_FAIL4_details"
                       class="testMethodDetails">
                     <div>
                        <b>Name: </b>businessPartnersFooterLinkInUK
                     </div>
                     <div>
                        <b>Signature: </b>businessPartnersFooterLinkInUK()[pri:0, instance:spafinder.co.uk.HomepageFooterUK@370e652]
                     </div>
                     <div>
                        <b>Start time: </b>08:47:21
                     </div>
                     <div>
                        <b>End time: </b>08:47:22
                     </div>
                     <div>
                        <b>Duration: </b>1s
                        
                     </div>
                  </div>
               </td>
            </tr>
            <tr>
               <td colspan="4" class="detailsBox">
                  <div id="spafinder.co.uk.HomepageFooterUK_businessPartnersFooterLinkInUK_byClass_FAIL4_exception"
                       class="testMethodDetails">
                     <pre style="padding: 5px; margin: 0;">org.openqa.selenium.remote.UnreachableBrowserException: Error communicating with the remote browser. It may have died.
                        Build info: version: '2.43.0', revision: '597b76b', time: '2014-09-09 20:52:38'
                        System info: host: 'DD-8MR3SW1', ip: '192.168.71.20', os.name: 'Windows 7', os.arch: 'amd64', os.version: '6.1', java.version:
                        '1.7.0_40'
                        Driver info: driver.version: EventFiringWebDriver
                        	at org.openqa.selenium.remote.RemoteWebDriver.execute(RemoteWebDriver.java:593)
                        	at org.openqa.selenium.remote.RemoteWebDriver.get(RemoteWebDriver.java:304)
                        	at sun.reflect.GeneratedMethodAccessor15.invoke(Unknown Source)
                        	at sun.reflect.DelegatingMethodAccessorImpl.invoke(DelegatingMethodAccessorImpl.java:43)
                        	at java.lang.reflect.Method.invoke(Method.java:606)
                        	at org.openqa.selenium.support.events.EventFiringWebDriver$2.invoke(EventFiringWebDriver.java:101)
                        	at com.sun.proxy.$Proxy8.get(Unknown Source)
                        	at org.openqa.selenium.support.events.EventFiringWebDriver.get(EventFiringWebDriver.java:159)
                        	at spafinder.co.uk.HomepageFooterUK.businessPartnersFooterLinkInUK(HomepageFooterUK.java:102)
                        	at sun.reflect.NativeMethodAccessorImpl.invoke0(Native Method)
                        	at sun.reflect.NativeMethodAccessorImpl.invoke(NativeMethodAccessorImpl.java:57)
                        	at sun.reflect.DelegatingMethodAccessorImpl.invoke(DelegatingMethodAccessorImpl.java:43)
                        	at java.lang.reflect.Method.invoke(Method.java:606)
                        	at org.testng.internal.MethodInvocationHelper.invokeMethod(MethodInvocationHelper.java:84)
                        	at org.testng.internal.Invoker.invokeMethod(Invoker.java:714)
                        	at org.testng.internal.Invoker.invokeTestMethod(Invoker.java:901)
                        	at org.testng.internal.Invoker.invokeTestMethods(Invoker.java:1231)
                        	at org.testng.internal.TestMethodWorker.invokeTestMethods(TestMethodWorker.java:127)
                        	at org.testng.internal.TestMethodWorker.run(TestMethodWorker.java:111)
                        	at org.testng.TestRunner.privateRun(TestRunner.java:767)
                        	at org.testng.TestRunner.run(TestRunner.java:617)
                        	at org.testng.SuiteRunner.runTest(SuiteRunner.java:334)
                        	at org.testng.SuiteRunner.runSequentially(SuiteRunner.java:329)
                        	at org.testng.SuiteRunner.privateRun(SuiteRunner.java:291)
                        	at org.testng.SuiteRunner.run(SuiteRunner.java:240)
                        	at org.testng.SuiteRunnerWorker.runSuite(SuiteRunnerWorker.java:52)
                        	at org.testng.SuiteRunnerWorker.run(SuiteRunnerWorker.java:86)
                        	at org.testng.TestNG.runSuitesSequentially(TestNG.java:1224)
                        	at org.testng.TestNG.runSuitesLocally(TestNG.java:1149)
                        	at org.testng.TestNG.run(TestNG.java:1057)
                        	at org.testng.TestNG.privateMain(TestNG.java:1364)
                        	at org.testng.TestNG.main(TestNG.java:1333)
                        Caused by: org.apache.http.conn.HttpHostConnectException: Connect to 127.0.0.1:7056 [/127.0.0.1] failed: Connection refused:
                        connect
                        	at org.apache.http.impl.conn.HttpClientConnectionOperator.connect(HttpClientConnectionOperator.java:140)
                        	at org.apache.http.impl.conn.PoolingHttpClientConnectionManager.connect(PoolingHttpClientConnectionManager.java:318)
                        	at org.apache.http.impl.execchain.MainClientExec.establishRoute(MainClientExec.java:363)
                        	at org.apache.http.impl.execchain.MainClientExec.execute(MainClientExec.java:219)
                        	at org.apache.http.impl.execchain.ProtocolExec.execute(ProtocolExec.java:195)
                        	at org.apache.http.impl.execchain.RetryExec.execute(RetryExec.java:86)
                        	at org.apache.http.impl.execchain.RedirectExec.execute(RedirectExec.java:108)
                        	at org.apache.http.impl.client.InternalHttpClient.doExecute(InternalHttpClient.java:184)
                        	at org.apache.http.impl.client.CloseableHttpClient.execute(CloseableHttpClient.java:72)
                        	at org.apache.http.impl.client.CloseableHttpClient.execute(CloseableHttpClient.java:57)
                        	at org.openqa.selenium.remote.HttpCommandExecutor.fallBackExecute(HttpCommandExecutor.java:215)
                        	at org.openqa.selenium.remote.HttpCommandExecutor.execute(HttpCommandExecutor.java:184)
                        	at org.openqa.selenium.firefox.internal.NewProfileExtensionConnection.execute(NewProfileExtensionConnection.java:165)
                        	at org.openqa.selenium.firefox.FirefoxDriver$LazyCommandExecutor.execute(FirefoxDriver.java:364)
                        	at org.openqa.selenium.remote.RemoteWebDriver.execute(RemoteWebDriver.java:572)
                        	... 31 more
                        Caused by: java.net.ConnectException: Connection refused: connect
                        	at java.net.DualStackPlainSocketImpl.waitForConnect(Native Method)
                        	at java.net.DualStackPlainSocketImpl.socketConnect(DualStackPlainSocketImpl.java:85)
                        	at java.net.AbstractPlainSocketImpl.doConnect(AbstractPlainSocketImpl.java:339)
                        	at java.net.AbstractPlainSocketImpl.connectToAddress(AbstractPlainSocketImpl.java:200)
                        	at java.net.AbstractPlainSocketImpl.connect(AbstractPlainSocketImpl.java:182)
                        	at java.net.PlainSocketImpl.connect(PlainSocketImpl.java:172)
                        	at java.net.SocksSocketImpl.connect(SocksSocketImpl.java:392)
                        	at java.net.Socket.connect(Socket.java:579)
                        	at org.apache.http.conn.socket.PlainConnectionSocketFactory.connectSocket(PlainConnectionSocketFactory.java:72)
                        	at org.apache.http.impl.conn.HttpClientConnectionOperator.connect(HttpClientConnectionOperator.java:123)
                        	... 45 more
                     </pre>
                  </div>
               </td>
            </tr>
            <tr id="spafinder.co.uk.HomepageFooterUK_aboutPartnersFooterLinkInUK_byClass_FAIL5_row"
                class="testMethodStatusFAIL">
               <td width="100%" class="firstMethodCell">
                  <a onclick="toggleDetailsVisibility('spafinder.co.uk.HomepageFooterUK_aboutPartnersFooterLinkInUK_byClass_FAIL5_details')">aboutPartnersFooterLinkInUK()</a>
               </td>
               <td nowrap="true">08:47:22</td>
               <td nowrap="true" align="right">1s
                  
               </td>
               <td nowrap="true">
                  <a onclick="toggleDetailsVisibility('spafinder.co.uk.HomepageFooterUK_aboutPartnersFooterLinkInUK_byClass_FAIL5_exception')">org.openqa.selenium.remote.UnreachableBrowserException: 
                     Error communicating with the remote browser. It may have died.
                     Build info: version: '2.43.0', revision: '597b76b', time: '2014-09-09 20:52:38'
                     System info: host: 'DD-8MR3SW1', ip: '192.168.71.20', os.name: 'Windows 7', os.arch: 'amd64', os.version: '6.1', java.version:
                     '1.7.0_40'
                     Driver info: driver.version: EventFiringWebDriver
                     
                  </a>
                   
                  
               </td>
            </tr>
            <tr>
               <td colspan="4" class="detailsBox">
                  <div id="spafinder.co.uk.HomepageFooterUK_aboutPartnersFooterLinkInUK_byClass_FAIL5_details"
                       class="testMethodDetails">
                     <div>
                        <b>Name: </b>aboutPartnersFooterLinkInUK
                     </div>
                     <div>
                        <b>Signature: </b>aboutPartnersFooterLinkInUK()[pri:0, instance:spafinder.co.uk.HomepageFooterUK@370e652]
                     </div>
                     <div>
                        <b>Start time: </b>08:47:22
                     </div>
                     <div>
                        <b>End time: </b>08:47:23
                     </div>
                     <div>
                        <b>Duration: </b>1s
                        
                     </div>
                  </div>
               </td>
            </tr>
            <tr>
               <td colspan="4" class="detailsBox">
                  <div id="spafinder.co.uk.HomepageFooterUK_aboutPartnersFooterLinkInUK_byClass_FAIL5_exception"
                       class="testMethodDetails">
                     <pre style="padding: 5px; margin: 0;">org.openqa.selenium.remote.UnreachableBrowserException: Error communicating with the remote browser. It may have died.
                        Build info: version: '2.43.0', revision: '597b76b', time: '2014-09-09 20:52:38'
                        System info: host: 'DD-8MR3SW1', ip: '192.168.71.20', os.name: 'Windows 7', os.arch: 'amd64', os.version: '6.1', java.version:
                        '1.7.0_40'
                        Driver info: driver.version: EventFiringWebDriver
                        	at org.openqa.selenium.remote.RemoteWebDriver.execute(RemoteWebDriver.java:593)
                        	at org.openqa.selenium.remote.RemoteWebDriver.get(RemoteWebDriver.java:304)
                        	at sun.reflect.GeneratedMethodAccessor15.invoke(Unknown Source)
                        	at sun.reflect.DelegatingMethodAccessorImpl.invoke(DelegatingMethodAccessorImpl.java:43)
                        	at java.lang.reflect.Method.invoke(Method.java:606)
                        	at org.openqa.selenium.support.events.EventFiringWebDriver$2.invoke(EventFiringWebDriver.java:101)
                        	at com.sun.proxy.$Proxy8.get(Unknown Source)
                        	at org.openqa.selenium.support.events.EventFiringWebDriver.get(EventFiringWebDriver.java:159)
                        	at spafinder.co.uk.HomepageFooterUK.aboutPartnersFooterLinkInUK(HomepageFooterUK.java:135)
                        	at sun.reflect.NativeMethodAccessorImpl.invoke0(Native Method)
                        	at sun.reflect.NativeMethodAccessorImpl.invoke(NativeMethodAccessorImpl.java:57)
                        	at sun.reflect.DelegatingMethodAccessorImpl.invoke(DelegatingMethodAccessorImpl.java:43)
                        	at java.lang.reflect.Method.invoke(Method.java:606)
                        	at org.testng.internal.MethodInvocationHelper.invokeMethod(MethodInvocationHelper.java:84)
                        	at org.testng.internal.Invoker.invokeMethod(Invoker.java:714)
                        	at org.testng.internal.Invoker.invokeTestMethod(Invoker.java:901)
                        	at org.testng.internal.Invoker.invokeTestMethods(Invoker.java:1231)
                        	at org.testng.internal.TestMethodWorker.invokeTestMethods(TestMethodWorker.java:127)
                        	at org.testng.internal.TestMethodWorker.run(TestMethodWorker.java:111)
                        	at org.testng.TestRunner.privateRun(TestRunner.java:767)
                        	at org.testng.TestRunner.run(TestRunner.java:617)
                        	at org.testng.SuiteRunner.runTest(SuiteRunner.java:334)
                        	at org.testng.SuiteRunner.runSequentially(SuiteRunner.java:329)
                        	at org.testng.SuiteRunner.privateRun(SuiteRunner.java:291)
                        	at org.testng.SuiteRunner.run(SuiteRunner.java:240)
                        	at org.testng.SuiteRunnerWorker.runSuite(SuiteRunnerWorker.java:52)
                        	at org.testng.SuiteRunnerWorker.run(SuiteRunnerWorker.java:86)
                        	at org.testng.TestNG.runSuitesSequentially(TestNG.java:1224)
                        	at org.testng.TestNG.runSuitesLocally(TestNG.java:1149)
                        	at org.testng.TestNG.run(TestNG.java:1057)
                        	at org.testng.TestNG.privateMain(TestNG.java:1364)
                        	at org.testng.TestNG.main(TestNG.java:1333)
                        Caused by: org.apache.http.conn.HttpHostConnectException: Connect to 127.0.0.1:7056 [/127.0.0.1] failed: Connection refused:
                        connect
                        	at org.apache.http.impl.conn.HttpClientConnectionOperator.connect(HttpClientConnectionOperator.java:140)
                        	at org.apache.http.impl.conn.PoolingHttpClientConnectionManager.connect(PoolingHttpClientConnectionManager.java:318)
                        	at org.apache.http.impl.execchain.MainClientExec.establishRoute(MainClientExec.java:363)
                        	at org.apache.http.impl.execchain.MainClientExec.execute(MainClientExec.java:219)
                        	at org.apache.http.impl.execchain.ProtocolExec.execute(ProtocolExec.java:195)
                        	at org.apache.http.impl.execchain.RetryExec.execute(RetryExec.java:86)
                        	at org.apache.http.impl.execchain.RedirectExec.execute(RedirectExec.java:108)
                        	at org.apache.http.impl.client.InternalHttpClient.doExecute(InternalHttpClient.java:184)
                        	at org.apache.http.impl.client.CloseableHttpClient.execute(CloseableHttpClient.java:72)
                        	at org.apache.http.impl.client.CloseableHttpClient.execute(CloseableHttpClient.java:57)
                        	at org.openqa.selenium.remote.HttpCommandExecutor.fallBackExecute(HttpCommandExecutor.java:215)
                        	at org.openqa.selenium.remote.HttpCommandExecutor.execute(HttpCommandExecutor.java:184)
                        	at org.openqa.selenium.firefox.internal.NewProfileExtensionConnection.execute(NewProfileExtensionConnection.java:165)
                        	at org.openqa.selenium.firefox.FirefoxDriver$LazyCommandExecutor.execute(FirefoxDriver.java:364)
                        	at org.openqa.selenium.remote.RemoteWebDriver.execute(RemoteWebDriver.java:572)
                        	... 31 more
                        Caused by: java.net.ConnectException: Connection refused: connect
                        	at java.net.DualStackPlainSocketImpl.waitForConnect(Native Method)
                        	at java.net.DualStackPlainSocketImpl.socketConnect(DualStackPlainSocketImpl.java:85)
                        	at java.net.AbstractPlainSocketImpl.doConnect(AbstractPlainSocketImpl.java:339)
                        	at java.net.AbstractPlainSocketImpl.connectToAddress(AbstractPlainSocketImpl.java:200)
                        	at java.net.AbstractPlainSocketImpl.connect(AbstractPlainSocketImpl.java:182)
                        	at java.net.PlainSocketImpl.connect(PlainSocketImpl.java:172)
                        	at java.net.SocksSocketImpl.connect(SocksSocketImpl.java:392)
                        	at java.net.Socket.connect(Socket.java:579)
                        	at org.apache.http.conn.socket.PlainConnectionSocketFactory.connectSocket(PlainConnectionSocketFactory.java:72)
                        	at org.apache.http.impl.conn.HttpClientConnectionOperator.connect(HttpClientConnectionOperator.java:123)
                        	... 45 more
                     </pre>
                  </div>
               </td>
            </tr>
            <tr id="spafinder.co.uk.HomepageFooterUK_copyRightAndSocialNetworksInUK_byClass_FAIL6_row"
                class="testMethodStatusFAIL">
               <td width="100%" class="firstMethodCell">
                  <a onclick="toggleDetailsVisibility('spafinder.co.uk.HomepageFooterUK_copyRightAndSocialNetworksInUK_byClass_FAIL6_details')">copyRightAndSocialNetworksInUK()</a>
               </td>
               <td nowrap="true">08:47:23</td>
               <td nowrap="true" align="right">1s
                  
               </td>
               <td nowrap="true">
                  <a onclick="toggleDetailsVisibility('spafinder.co.uk.HomepageFooterUK_copyRightAndSocialNetworksInUK_byClass_FAIL6_exception')">org.openqa.selenium.remote.UnreachableBrowserException: 
                     Error communicating with the remote browser. It may have died.
                     Build info: version: '2.43.0', revision: '597b76b', time: '2014-09-09 20:52:38'
                     System info: host: 'DD-8MR3SW1', ip: '192.168.71.20', os.name: 'Windows 7', os.arch: 'amd64', os.version: '6.1', java.version:
                     '1.7.0_40'
                     Driver info: driver.version: EventFiringWebDriver
                     
                  </a>
                   
                  
               </td>
            </tr>
            <tr>
               <td colspan="4" class="detailsBox">
                  <div id="spafinder.co.uk.HomepageFooterUK_copyRightAndSocialNetworksInUK_byClass_FAIL6_details"
                       class="testMethodDetails">
                     <div>
                        <b>Name: </b>copyRightAndSocialNetworksInUK
                     </div>
                     <div>
                        <b>Signature: </b>copyRightAndSocialNetworksInUK()[pri:0, instance:spafinder.co.uk.HomepageFooterUK@370e652]
                     </div>
                     <div>
                        <b>Start time: </b>08:47:23
                     </div>
                     <div>
                        <b>End time: </b>08:47:24
                     </div>
                     <div>
                        <b>Duration: </b>1s
                        
                     </div>
                  </div>
               </td>
            </tr>
            <tr>
               <td colspan="4" class="detailsBox">
                  <div id="spafinder.co.uk.HomepageFooterUK_copyRightAndSocialNetworksInUK_byClass_FAIL6_exception"
                       class="testMethodDetails">
                     <pre style="padding: 5px; margin: 0;">org.openqa.selenium.remote.UnreachableBrowserException: Error communicating with the remote browser. It may have died.
                        Build info: version: '2.43.0', revision: '597b76b', time: '2014-09-09 20:52:38'
                        System info: host: 'DD-8MR3SW1', ip: '192.168.71.20', os.name: 'Windows 7', os.arch: 'amd64', os.version: '6.1', java.version:
                        '1.7.0_40'
                        Driver info: driver.version: EventFiringWebDriver
                        	at org.openqa.selenium.remote.RemoteWebDriver.execute(RemoteWebDriver.java:593)
                        	at org.openqa.selenium.remote.RemoteWebDriver.get(RemoteWebDriver.java:304)
                        	at sun.reflect.GeneratedMethodAccessor15.invoke(Unknown Source)
                        	at sun.reflect.DelegatingMethodAccessorImpl.invoke(DelegatingMethodAccessorImpl.java:43)
                        	at java.lang.reflect.Method.invoke(Method.java:606)
                        	at org.openqa.selenium.support.events.EventFiringWebDriver$2.invoke(EventFiringWebDriver.java:101)
                        	at com.sun.proxy.$Proxy8.get(Unknown Source)
                        	at org.openqa.selenium.support.events.EventFiringWebDriver.get(EventFiringWebDriver.java:159)
                        	at spafinder.co.uk.HomepageFooterUK.copyRightAndSocialNetworksInUK(HomepageFooterUK.java:163)
                        	at sun.reflect.NativeMethodAccessorImpl.invoke0(Native Method)
                        	at sun.reflect.NativeMethodAccessorImpl.invoke(NativeMethodAccessorImpl.java:57)
                        	at sun.reflect.DelegatingMethodAccessorImpl.invoke(DelegatingMethodAccessorImpl.java:43)
                        	at java.lang.reflect.Method.invoke(Method.java:606)
                        	at org.testng.internal.MethodInvocationHelper.invokeMethod(MethodInvocationHelper.java:84)
                        	at org.testng.internal.Invoker.invokeMethod(Invoker.java:714)
                        	at org.testng.internal.Invoker.invokeTestMethod(Invoker.java:901)
                        	at org.testng.internal.Invoker.invokeTestMethods(Invoker.java:1231)
                        	at org.testng.internal.TestMethodWorker.invokeTestMethods(TestMethodWorker.java:127)
                        	at org.testng.internal.TestMethodWorker.run(TestMethodWorker.java:111)
                        	at org.testng.TestRunner.privateRun(TestRunner.java:767)
                        	at org.testng.TestRunner.run(TestRunner.java:617)
                        	at org.testng.SuiteRunner.runTest(SuiteRunner.java:334)
                        	at org.testng.SuiteRunner.runSequentially(SuiteRunner.java:329)
                        	at org.testng.SuiteRunner.privateRun(SuiteRunner.java:291)
                        	at org.testng.SuiteRunner.run(SuiteRunner.java:240)
                        	at org.testng.SuiteRunnerWorker.runSuite(SuiteRunnerWorker.java:52)
                        	at org.testng.SuiteRunnerWorker.run(SuiteRunnerWorker.java:86)
                        	at org.testng.TestNG.runSuitesSequentially(TestNG.java:1224)
                        	at org.testng.TestNG.runSuitesLocally(TestNG.java:1149)
                        	at org.testng.TestNG.run(TestNG.java:1057)
                        	at org.testng.TestNG.privateMain(TestNG.java:1364)
                        	at org.testng.TestNG.main(TestNG.java:1333)
                        Caused by: org.apache.http.conn.HttpHostConnectException: Connect to 127.0.0.1:7056 [/127.0.0.1] failed: Connection refused:
                        connect
                        	at org.apache.http.impl.conn.HttpClientConnectionOperator.connect(HttpClientConnectionOperator.java:140)
                        	at org.apache.http.impl.conn.PoolingHttpClientConnectionManager.connect(PoolingHttpClientConnectionManager.java:318)
                        	at org.apache.http.impl.execchain.MainClientExec.establishRoute(MainClientExec.java:363)
                        	at org.apache.http.impl.execchain.MainClientExec.execute(MainClientExec.java:219)
                        	at org.apache.http.impl.execchain.ProtocolExec.execute(ProtocolExec.java:195)
                        	at org.apache.http.impl.execchain.RetryExec.execute(RetryExec.java:86)
                        	at org.apache.http.impl.execchain.RedirectExec.execute(RedirectExec.java:108)
                        	at org.apache.http.impl.client.InternalHttpClient.doExecute(InternalHttpClient.java:184)
                        	at org.apache.http.impl.client.CloseableHttpClient.execute(CloseableHttpClient.java:72)
                        	at org.apache.http.impl.client.CloseableHttpClient.execute(CloseableHttpClient.java:57)
                        	at org.openqa.selenium.remote.HttpCommandExecutor.fallBackExecute(HttpCommandExecutor.java:215)
                        	at org.openqa.selenium.remote.HttpCommandExecutor.execute(HttpCommandExecutor.java:184)
                        	at org.openqa.selenium.firefox.internal.NewProfileExtensionConnection.execute(NewProfileExtensionConnection.java:165)
                        	at org.openqa.selenium.firefox.FirefoxDriver$LazyCommandExecutor.execute(FirefoxDriver.java:364)
                        	at org.openqa.selenium.remote.RemoteWebDriver.execute(RemoteWebDriver.java:572)
                        	... 31 more
                        Caused by: java.net.ConnectException: Connection refused: connect
                        	at java.net.DualStackPlainSocketImpl.waitForConnect(Native Method)
                        	at java.net.DualStackPlainSocketImpl.socketConnect(DualStackPlainSocketImpl.java:85)
                        	at java.net.AbstractPlainSocketImpl.doConnect(AbstractPlainSocketImpl.java:339)
                        	at java.net.AbstractPlainSocketImpl.connectToAddress(AbstractPlainSocketImpl.java:200)
                        	at java.net.AbstractPlainSocketImpl.connect(AbstractPlainSocketImpl.java:182)
                        	at java.net.PlainSocketImpl.connect(PlainSocketImpl.java:172)
                        	at java.net.SocksSocketImpl.connect(SocksSocketImpl.java:392)
                        	at java.net.Socket.connect(Socket.java:579)
                        	at org.apache.http.conn.socket.PlainConnectionSocketFactory.connectSocket(PlainConnectionSocketFactory.java:72)
                        	at org.apache.http.impl.conn.HttpClientConnectionOperator.connect(HttpClientConnectionOperator.java:123)
                        	... 45 more
                     </pre>
                  </div>
               </td>
            </tr>
            <tr id="spafinder.co.uk.HomepageFooterUK_subscriptionInUK_byClass_FAIL7_row"
                class="testMethodStatusFAIL">
               <td width="100%" class="firstMethodCell">
                  <a onclick="toggleDetailsVisibility('spafinder.co.uk.HomepageFooterUK_subscriptionInUK_byClass_FAIL7_details')">subscriptionInUK()</a>
               </td>
               <td nowrap="true">08:47:24</td>
               <td nowrap="true" align="right">1s
                  
               </td>
               <td nowrap="true">
                  <a onclick="toggleDetailsVisibility('spafinder.co.uk.HomepageFooterUK_subscriptionInUK_byClass_FAIL7_exception')">org.openqa.selenium.remote.UnreachableBrowserException: 
                     Error communicating with the remote browser. It may have died.
                     Build info: version: '2.43.0', revision: '597b76b', time: '2014-09-09 20:52:38'
                     System info: host: 'DD-8MR3SW1', ip: '192.168.71.20', os.name: 'Windows 7', os.arch: 'amd64', os.version: '6.1', java.version:
                     '1.7.0_40'
                     Driver info: driver.version: EventFiringWebDriver
                     
                  </a>
                   
                  
               </td>
            </tr>
            <tr>
               <td colspan="4" class="detailsBox">
                  <div id="spafinder.co.uk.HomepageFooterUK_subscriptionInUK_byClass_FAIL7_details"
                       class="testMethodDetails">
                     <div>
                        <b>Name: </b>subscriptionInUK
                     </div>
                     <div>
                        <b>Signature: </b>subscriptionInUK()[pri:0, instance:spafinder.co.uk.HomepageFooterUK@370e652]
                     </div>
                     <div>
                        <b>Start time: </b>08:47:24
                     </div>
                     <div>
                        <b>End time: </b>08:47:25
                     </div>
                     <div>
                        <b>Duration: </b>1s
                        
                     </div>
                  </div>
               </td>
            </tr>
            <tr>
               <td colspan="4" class="detailsBox">
                  <div id="spafinder.co.uk.HomepageFooterUK_subscriptionInUK_byClass_FAIL7_exception"
                       class="testMethodDetails">
                     <pre style="padding: 5px; margin: 0;">org.openqa.selenium.remote.UnreachableBrowserException: Error communicating with the remote browser. It may have died.
                        Build info: version: '2.43.0', revision: '597b76b', time: '2014-09-09 20:52:38'
                        System info: host: 'DD-8MR3SW1', ip: '192.168.71.20', os.name: 'Windows 7', os.arch: 'amd64', os.version: '6.1', java.version:
                        '1.7.0_40'
                        Driver info: driver.version: EventFiringWebDriver
                        	at org.openqa.selenium.remote.RemoteWebDriver.execute(RemoteWebDriver.java:593)
                        	at org.openqa.selenium.remote.RemoteWebDriver.get(RemoteWebDriver.java:304)
                        	at sun.reflect.GeneratedMethodAccessor15.invoke(Unknown Source)
                        	at sun.reflect.DelegatingMethodAccessorImpl.invoke(DelegatingMethodAccessorImpl.java:43)
                        	at java.lang.reflect.Method.invoke(Method.java:606)
                        	at org.openqa.selenium.support.events.EventFiringWebDriver$2.invoke(EventFiringWebDriver.java:101)
                        	at com.sun.proxy.$Proxy8.get(Unknown Source)
                        	at org.openqa.selenium.support.events.EventFiringWebDriver.get(EventFiringWebDriver.java:159)
                        	at spafinder.co.uk.HomepageFooterUK.subscriptionInUK(HomepageFooterUK.java:202)
                        	at sun.reflect.NativeMethodAccessorImpl.invoke0(Native Method)
                        	at sun.reflect.NativeMethodAccessorImpl.invoke(NativeMethodAccessorImpl.java:57)
                        	at sun.reflect.DelegatingMethodAccessorImpl.invoke(DelegatingMethodAccessorImpl.java:43)
                        	at java.lang.reflect.Method.invoke(Method.java:606)
                        	at org.testng.internal.MethodInvocationHelper.invokeMethod(MethodInvocationHelper.java:84)
                        	at org.testng.internal.Invoker.invokeMethod(Invoker.java:714)
                        	at org.testng.internal.Invoker.invokeTestMethod(Invoker.java:901)
                        	at org.testng.internal.Invoker.invokeTestMethods(Invoker.java:1231)
                        	at org.testng.internal.TestMethodWorker.invokeTestMethods(TestMethodWorker.java:127)
                        	at org.testng.internal.TestMethodWorker.run(TestMethodWorker.java:111)
                        	at org.testng.TestRunner.privateRun(TestRunner.java:767)
                        	at org.testng.TestRunner.run(TestRunner.java:617)
                        	at org.testng.SuiteRunner.runTest(SuiteRunner.java:334)
                        	at org.testng.SuiteRunner.runSequentially(SuiteRunner.java:329)
                        	at org.testng.SuiteRunner.privateRun(SuiteRunner.java:291)
                        	at org.testng.SuiteRunner.run(SuiteRunner.java:240)
                        	at org.testng.SuiteRunnerWorker.runSuite(SuiteRunnerWorker.java:52)
                        	at org.testng.SuiteRunnerWorker.run(SuiteRunnerWorker.java:86)
                        	at org.testng.TestNG.runSuitesSequentially(TestNG.java:1224)
                        	at org.testng.TestNG.runSuitesLocally(TestNG.java:1149)
                        	at org.testng.TestNG.run(TestNG.java:1057)
                        	at org.testng.TestNG.privateMain(TestNG.java:1364)
                        	at org.testng.TestNG.main(TestNG.java:1333)
                        Caused by: org.apache.http.conn.HttpHostConnectException: Connect to 127.0.0.1:7056 [/127.0.0.1] failed: Connection refused:
                        connect
                        	at org.apache.http.impl.conn.HttpClientConnectionOperator.connect(HttpClientConnectionOperator.java:140)
                        	at org.apache.http.impl.conn.PoolingHttpClientConnectionManager.connect(PoolingHttpClientConnectionManager.java:318)
                        	at org.apache.http.impl.execchain.MainClientExec.establishRoute(MainClientExec.java:363)
                        	at org.apache.http.impl.execchain.MainClientExec.execute(MainClientExec.java:219)
                        	at org.apache.http.impl.execchain.ProtocolExec.execute(ProtocolExec.java:195)
                        	at org.apache.http.impl.execchain.RetryExec.execute(RetryExec.java:86)
                        	at org.apache.http.impl.execchain.RedirectExec.execute(RedirectExec.java:108)
                        	at org.apache.http.impl.client.InternalHttpClient.doExecute(InternalHttpClient.java:184)
                        	at org.apache.http.impl.client.CloseableHttpClient.execute(CloseableHttpClient.java:72)
                        	at org.apache.http.impl.client.CloseableHttpClient.execute(CloseableHttpClient.java:57)
                        	at org.openqa.selenium.remote.HttpCommandExecutor.fallBackExecute(HttpCommandExecutor.java:215)
                        	at org.openqa.selenium.remote.HttpCommandExecutor.execute(HttpCommandExecutor.java:184)
                        	at org.openqa.selenium.firefox.internal.NewProfileExtensionConnection.execute(NewProfileExtensionConnection.java:165)
                        	at org.openqa.selenium.firefox.FirefoxDriver$LazyCommandExecutor.execute(FirefoxDriver.java:364)
                        	at org.openqa.selenium.remote.RemoteWebDriver.execute(RemoteWebDriver.java:572)
                        	... 31 more
                        Caused by: java.net.ConnectException: Connection refused: connect
                        	at java.net.DualStackPlainSocketImpl.waitForConnect(Native Method)
                        	at java.net.DualStackPlainSocketImpl.socketConnect(DualStackPlainSocketImpl.java:85)
                        	at java.net.AbstractPlainSocketImpl.doConnect(AbstractPlainSocketImpl.java:339)
                        	at java.net.AbstractPlainSocketImpl.connectToAddress(AbstractPlainSocketImpl.java:200)
                        	at java.net.AbstractPlainSocketImpl.connect(AbstractPlainSocketImpl.java:182)
                        	at java.net.PlainSocketImpl.connect(PlainSocketImpl.java:172)
                        	at java.net.SocksSocketImpl.connect(SocksSocketImpl.java:392)
                        	at java.net.Socket.connect(Socket.java:579)
                        	at org.apache.http.conn.socket.PlainConnectionSocketFactory.connectSocket(PlainConnectionSocketFactory.java:72)
                        	at org.apache.http.impl.conn.HttpClientConnectionOperator.connect(HttpClientConnectionOperator.java:123)
                        	... 45 more
                     </pre>
                  </div>
               </td>
            </tr>
            <tr id="spafinder.co.uk.HomepageFooterUK_closeURL_byClass_FAIL8_row"
                class="testMethodStatusFAIL testMethodStatusCONF">
               <td width="100%" class="firstMethodCell">
                  <a onclick="toggleDetailsVisibility('spafinder.co.uk.HomepageFooterUK_closeURL_byClass_FAIL8_details')">closeURL()</a>
               </td>
               <td nowrap="true">08:47:25</td>
               <td nowrap="true" align="right">0 ms
                  
               </td>
               <td nowrap="true">
                  <a onclick="toggleDetailsVisibility('spafinder.co.uk.HomepageFooterUK_closeURL_byClass_FAIL8_exception')">org.openqa.selenium.remote.UnreachableBrowserException: 
                     Error communicating with the remote browser. It may have died.
                     Build info: version: '2.43.0', revision: '597b76b', time: '2014-09-09 20:52:38'
                     System info: host: 'DD-8MR3SW1', ip: '192.168.71.20', os.name: 'Windows 7', os.arch: 'amd64', os.version: '6.1', java.version:
                     '1.7.0_40'
                     Driver info: driver.version: EventFiringWebDriver
                     
                  </a>
                   
                  
               </td>
            </tr>
            <tr>
               <td colspan="4" class="detailsBox">
                  <div id="spafinder.co.uk.HomepageFooterUK_closeURL_byClass_FAIL8_details"
                       class="testMethodDetails">
                     <div>
                        <b>Name: </b>closeURL
                     </div>
                     <div>
                        <b>Signature: </b>closeURL()[pri:0, instance:spafinder.co.uk.HomepageFooterUK@370e652]
                     </div>
                     <div>
                        <b>Start time: </b>08:47:25
                     </div>
                     <div>
                        <b>End time: </b>08:47:25
                     </div>
                     <div>
                        <b>Duration: </b>0 ms
                        
                     </div>
                  </div>
               </td>
            </tr>
            <tr>
               <td colspan="4" class="detailsBox">
                  <div id="spafinder.co.uk.HomepageFooterUK_closeURL_byClass_FAIL8_exception"
                       class="testMethodDetails">
                     <pre style="padding: 5px; margin: 0;">org.openqa.selenium.remote.UnreachableBrowserException: Error communicating with the remote browser. It may have died.
                        Build info: version: '2.43.0', revision: '597b76b', time: '2014-09-09 20:52:38'
                        System info: host: 'DD-8MR3SW1', ip: '192.168.71.20', os.name: 'Windows 7', os.arch: 'amd64', os.version: '6.1', java.version:
                        '1.7.0_40'
                        Driver info: driver.version: EventFiringWebDriver
                        	at org.openqa.selenium.remote.RemoteWebDriver.execute(RemoteWebDriver.java:593)
                        	at org.openqa.selenium.remote.RemoteWebDriver.execute(RemoteWebDriver.java:614)
                        	at org.openqa.selenium.remote.RemoteWebDriver.close(RemoteWebDriver.java:463)
                        	at sun.reflect.GeneratedMethodAccessor17.invoke(Unknown Source)
                        	at sun.reflect.DelegatingMethodAccessorImpl.invoke(DelegatingMethodAccessorImpl.java:43)
                        	at java.lang.reflect.Method.invoke(Method.java:606)
                        	at org.openqa.selenium.support.events.EventFiringWebDriver$2.invoke(EventFiringWebDriver.java:101)
                        	at com.sun.proxy.$Proxy8.close(Unknown Source)
                        	at org.openqa.selenium.support.events.EventFiringWebDriver.close(EventFiringWebDriver.java:194)
                        	at spafinder.com.base.UKBaseClass.closeURL(UKBaseClass.java:86)
                        	at sun.reflect.GeneratedMethodAccessor26.invoke(Unknown Source)
                        	at sun.reflect.DelegatingMethodAccessorImpl.invoke(DelegatingMethodAccessorImpl.java:43)
                        	at java.lang.reflect.Method.invoke(Method.java:606)
                        	at org.testng.internal.MethodInvocationHelper.invokeMethod(MethodInvocationHelper.java:84)
                        	at org.testng.internal.Invoker.invokeConfigurationMethod(Invoker.java:564)
                        	at org.testng.internal.Invoker.invokeConfigurations(Invoker.java:213)
                        	at org.testng.internal.Invoker.invokeConfigurations(Invoker.java:138)
                        	at org.testng.TestRunner.afterRun(TestRunner.java:1014)
                        	at org.testng.TestRunner.run(TestRunner.java:621)
                        	at org.testng.SuiteRunner.runTest(SuiteRunner.java:334)
                        	at org.testng.SuiteRunner.runSequentially(SuiteRunner.java:329)
                        	at org.testng.SuiteRunner.privateRun(SuiteRunner.java:291)
                        	at org.testng.SuiteRunner.run(SuiteRunner.java:240)
                        	at org.testng.SuiteRunnerWorker.runSuite(SuiteRunnerWorker.java:52)
                        	at org.testng.SuiteRunnerWorker.run(SuiteRunnerWorker.java:86)
                        	at org.testng.TestNG.runSuitesSequentially(TestNG.java:1224)
                        	at org.testng.TestNG.runSuitesLocally(TestNG.java:1149)
                        	at org.testng.TestNG.run(TestNG.java:1057)
                        	at org.testng.TestNG.privateMain(TestNG.java:1364)
                        	at org.testng.TestNG.main(TestNG.java:1333)
                        Caused by: org.apache.http.conn.HttpHostConnectException: Connect to 127.0.0.1:7056 [/127.0.0.1] failed: Connection refused:
                        connect
                        	at org.apache.http.impl.conn.HttpClientConnectionOperator.connect(HttpClientConnectionOperator.java:140)
                        	at org.apache.http.impl.conn.PoolingHttpClientConnectionManager.connect(PoolingHttpClientConnectionManager.java:318)
                        	at org.apache.http.impl.execchain.MainClientExec.establishRoute(MainClientExec.java:363)
                        	at org.apache.http.impl.execchain.MainClientExec.execute(MainClientExec.java:219)
                        	at org.apache.http.impl.execchain.ProtocolExec.execute(ProtocolExec.java:195)
                        	at org.apache.http.impl.execchain.RetryExec.execute(RetryExec.java:86)
                        	at org.apache.http.impl.execchain.RedirectExec.execute(RedirectExec.java:108)
                        	at org.apache.http.impl.client.InternalHttpClient.doExecute(InternalHttpClient.java:184)
                        	at org.apache.http.impl.client.CloseableHttpClient.execute(CloseableHttpClient.java:72)
                        	at org.apache.http.impl.client.CloseableHttpClient.execute(CloseableHttpClient.java:57)
                        	at org.openqa.selenium.remote.HttpCommandExecutor.fallBackExecute(HttpCommandExecutor.java:215)
                        	at org.openqa.selenium.remote.HttpCommandExecutor.execute(HttpCommandExecutor.java:184)
                        	at org.openqa.selenium.firefox.internal.NewProfileExtensionConnection.execute(NewProfileExtensionConnection.java:165)
                        	at org.openqa.selenium.firefox.FirefoxDriver$LazyCommandExecutor.execute(FirefoxDriver.java:364)
                        	at org.openqa.selenium.remote.RemoteWebDriver.execute(RemoteWebDriver.java:572)
                        	... 29 more
                        Caused by: java.net.ConnectException: Connection refused: connect
                        	at java.net.DualStackPlainSocketImpl.waitForConnect(Native Method)
                        	at java.net.DualStackPlainSocketImpl.socketConnect(DualStackPlainSocketImpl.java:85)
                        	at java.net.AbstractPlainSocketImpl.doConnect(AbstractPlainSocketImpl.java:339)
                        	at java.net.AbstractPlainSocketImpl.connectToAddress(AbstractPlainSocketImpl.java:200)
                        	at java.net.AbstractPlainSocketImpl.connect(AbstractPlainSocketImpl.java:182)
                        	at java.net.PlainSocketImpl.connect(PlainSocketImpl.java:172)
                        	at java.net.SocksSocketImpl.connect(SocksSocketImpl.java:392)
                        	at java.net.Socket.connect(Socket.java:579)
                        	at org.apache.http.conn.socket.PlainConnectionSocketFactory.connectSocket(PlainConnectionSocketFactory.java:72)
                        	at org.apache.http.impl.conn.HttpClientConnectionOperator.connect(HttpClientConnectionOperator.java:123)
                        	... 43 more
                     </pre>
                  </div>
               </td>
            </tr>
         </table>
         <br></br>
      </div>
      <div style="margin-top: 15px; color: gray; text-align: center; font-size: 9px;">
         Generated with
         
         <a href="http://code.google.com/p/testng-xslt/" style="color: #8888aa;"
            target="_blank">
            TestNG XSLT
            
         </a>
      </div>
   </body>
</html>