<html xmlns:math="http://exslt.org/math" xmlns:testng="http://testng.org">
   <head>
      <title>TestNG Results</title>
      <meta http-equiv="content-type" content="text/html; charset=utf-8"></meta>
      <meta http-equiv="pragma" content="no-cache"></meta>
      <meta http-equiv="cache-control" content="max-age=0"></meta>
      <meta http-equiv="cache-control" content="no-cache"></meta>
      <meta http-equiv="cache-control" content="no-store"></meta>
      <LINK rel="stylesheet" href="style.css"></LINK>
      <script type="text/javascript" src="main.js"></script>
   </head>
   <body>
      <table width="100%" style="font-size: 16px; margin-bottom: 10px;" cellspacing="1">
         <tr>
            <td width="100%">
               Test case
               
               <b>CA Homepage</b>
            </td>
            <td style="background-color: #FFBBBB; padding: 3px 3px 3px 0;" align="center">
               <div style="width: 50px;">1</div>
            </td>
            <td style="background-color: lightgreen; padding: 3px 3px 3px 0;" align="center">
               <div style="width: 50px;">3</div>
            </td>
            <td style="background-color: #FFFFBB; padding: 3px 3px 3px 0;" align="center">
               <div style="width: 50px;">0</div>
            </td>
            <td align="center" style="background-color: #eaf0f7; padding: 3px 3px 3px 0;">
               <div style="width: 50px;">4</div>
            </td>
            <td align="center"
                style="font-weight: bold; background-color: #eaf0f7; padding: 3px 3px 3px 0;">
               <div style="width: 50px;">75%</div>
            </td>
            <td style="background-color: #eaf0f7; padding: 3px 3px 3px 0;" align="center"
                nowrap="true">1m
               14s
               
            </td>
         </tr>
      </table>
      <div style="width: 200px;">
         <label for="groupMethodsCheckBox" style="font-weight: bold; margin: 0;">
            <input id="groupMethodsCheckBox" type="checkbox" onclick="switchTestMethodsView(this)"></input>
            Group by class
            
         </label>
         <br></br>
         <label for="methodsFilter_ALL" style="font-weight: bold; margin: 0;">
            <input id="methodsFilter_ALL" type="checkbox"
                   onclick="testMethodsFilterChanged(this, 'ALL')"></input>
            All
            
         </label>
      </div>
      <label for="methodsFilter_FAIL" style="margin-left: 20px;">
         <input id="methodsFilter_FAIL" type="checkbox"
                onclick="testMethodsFilterChanged(this, 'FAIL')"
                checked=""></input>
         Failed
         
      </label>
      <label for="methodsFilter_PASS">
         <input id="methodsFilter_PASS" type="checkbox"
                onclick="testMethodsFilterChanged(this, 'PASS')"
                checked=""></input>
         Passed
         
      </label>
      <label for="methodsFilter_SKIP">
         <input id="methodsFilter_SKIP" type="checkbox"
                onclick="testMethodsFilterChanged(this, 'SKIP')"
                checked=""></input>
         Skipped
         
      </label>
      <label for="methodsFilter_CONF">
         <input id="methodsFilter_CONF" type="checkbox"
                onclick="testMethodsFilterChanged(this, 'CONF')"></input>
         Config
         
      </label>
      <br></br>
      <div id="testMethodsByStatus">
         <table class="testMethodsTable" cellpadding="0" cellspacing="0">
            <tr class="methodsTableHeader">
               <td width="100%">Name</td>
               <td nowrap="true">Started</td>
               <td nowrap="true">Duration</td>
               <td>Exception</td>
            </tr>
            <tr id="spafinder.ca.HomepageBody_CA_wellnessLifestyleTest_byStatus_failed_FAIL1_row"
                class="testMethodStatusFAIL">
               <td width="100%" class="firstMethodCell">
                  <a onclick="toggleDetailsVisibility('spafinder.ca.HomepageBody_CA_wellnessLifestyleTest_byStatus_failed_FAIL1_details')">wellnessLifestyleTest()</a>
               </td>
               <td nowrap="true">15:26:01</td>
               <td nowrap="true" align="right">16s
                  
               </td>
               <td nowrap="true">
                  <a onclick="toggleDetailsVisibility('spafinder.ca.HomepageBody_CA_wellnessLifestyleTest_byStatus_failed_FAIL1_exception')">org.openqa.selenium.NoAlertPresentException: 
                     No alert is present (WARNING: The server did not provide any stacktrace information)
                     Command duration or timeout: 8.42 seconds
                     Build info: version: '2.43.0', revision: '597b76b', time: '2014-09-09 20:52:38'
                     System info: host: 'JCHOWDRY1013WKS', ip: '192.168.71.102', os.name: 'Windows 7', os.arch: 'amd64', os.version: '6.1', java.version:
                     '1.7.0_40'
                     Session ID: 6c175b42-db21-4136-b211-4413f9ddac19
                     Driver info: org.openqa.selenium.firefox.FirefoxDriver
                     Capabilities [{platform=WINDOWS, databaseEnabled=true, cssSelectorsEnabled=true, javascriptEnabled=true, acceptSslCerts=true,
                     handlesAlerts=true, browserName=firefox, webStorageEnabled=true, nativeEvents=true, rotatable=false, locationContextEnabled=true,
                     applicationCacheEnabled=true, takesScreenshot=true, version=32.0.3}]
                     
                  </a>
                   
                  
               </td>
            </tr>
            <tr>
               <td colspan="4" class="detailsBox">
                  <div id="spafinder.ca.HomepageBody_CA_wellnessLifestyleTest_byStatus_failed_FAIL1_details"
                       class="testMethodDetails">
                     <div>
                        <b>Name: </b>wellnessLifestyleTest
                     </div>
                     <div>
                        <b>Signature: </b>wellnessLifestyleTest()[pri:0, instance:spafinder.ca.HomepageBody_CA@74a7e4d9]
                     </div>
                     <div>
                        <b>Start time: </b>15:26:01
                     </div>
                     <div>
                        <b>End time: </b>15:26:17
                     </div>
                     <div>
                        <b>Duration: </b>16s
                        
                     </div>
                  </div>
               </td>
            </tr>
            <tr>
               <td colspan="4" class="detailsBox">
                  <div id="spafinder.ca.HomepageBody_CA_wellnessLifestyleTest_byStatus_failed_FAIL1_exception"
                       class="testMethodDetails">
                     <pre style="padding: 5px; margin: 0;">org.openqa.selenium.NoAlertPresentException: No alert is present (WARNING: The server did not provide any stacktrace information)
                        Command duration or timeout: 8.42 seconds
                        Build info: version: '2.43.0', revision: '597b76b', time: '2014-09-09 20:52:38'
                        System info: host: 'JCHOWDRY1013WKS', ip: '192.168.71.102', os.name: 'Windows 7', os.arch: 'amd64', os.version: '6.1', java.version:
                        '1.7.0_40'
                        Session ID: 6c175b42-db21-4136-b211-4413f9ddac19
                        Driver info: org.openqa.selenium.firefox.FirefoxDriver
                        Capabilities [{platform=WINDOWS, databaseEnabled=true, cssSelectorsEnabled=true, javascriptEnabled=true, acceptSslCerts=true,
                        handlesAlerts=true, browserName=firefox, webStorageEnabled=true, nativeEvents=true, rotatable=false, locationContextEnabled=true,
                        applicationCacheEnabled=true, takesScreenshot=true, version=32.0.3}]
                        	at sun.reflect.NativeConstructorAccessorImpl.newInstance0(Native Method)
                        	at sun.reflect.NativeConstructorAccessorImpl.newInstance(Unknown Source)
                        	at sun.reflect.DelegatingConstructorAccessorImpl.newInstance(Unknown Source)
                        	at java.lang.reflect.Constructor.newInstance(Unknown Source)
                        	at org.openqa.selenium.remote.ErrorHandler.createThrowable(ErrorHandler.java:204)
                        	at org.openqa.selenium.remote.ErrorHandler.throwIfResponseFailed(ErrorHandler.java:156)
                        	at org.openqa.selenium.remote.RemoteWebDriver.execute(RemoteWebDriver.java:599)
                        	at org.openqa.selenium.remote.RemoteWebDriver.execute(RemoteWebDriver.java:614)
                        	at org.openqa.selenium.remote.RemoteWebDriver$RemoteTargetLocator.alert(RemoteWebDriver.java:899)
                        	at org.openqa.selenium.support.events.EventFiringWebDriver$EventFiringTargetLocator.alert(EventFiringWebDriver.java:601)
                        	at spafinder.com.abstractor.AbstractClass.alertMsg(AbstractClass.java:389)
                        	at spafinder.ca.HomepageBody_CA.wellnessLifestyleTest(HomepageBody_CA.java:64)
                        	at sun.reflect.NativeMethodAccessorImpl.invoke0(Native Method)
                        	at sun.reflect.NativeMethodAccessorImpl.invoke(Unknown Source)
                        	at sun.reflect.DelegatingMethodAccessorImpl.invoke(Unknown Source)
                        	at java.lang.reflect.Method.invoke(Unknown Source)
                        	at org.testng.internal.MethodInvocationHelper.invokeMethod(MethodInvocationHelper.java:84)
                        	at org.testng.internal.Invoker.invokeMethod(Invoker.java:714)
                        	at org.testng.internal.Invoker.invokeTestMethod(Invoker.java:901)
                        	at org.testng.internal.Invoker.invokeTestMethods(Invoker.java:1231)
                        	at org.testng.internal.TestMethodWorker.invokeTestMethods(TestMethodWorker.java:127)
                        	at org.testng.internal.TestMethodWorker.run(TestMethodWorker.java:111)
                        	at org.testng.TestRunner.privateRun(TestRunner.java:767)
                        	at org.testng.TestRunner.run(TestRunner.java:617)
                        	at org.testng.SuiteRunner.runTest(SuiteRunner.java:334)
                        	at org.testng.SuiteRunner.runSequentially(SuiteRunner.java:329)
                        	at org.testng.SuiteRunner.privateRun(SuiteRunner.java:291)
                        	at org.testng.SuiteRunner.run(SuiteRunner.java:240)
                        	at org.testng.SuiteRunnerWorker.runSuite(SuiteRunnerWorker.java:52)
                        	at org.testng.SuiteRunnerWorker.run(SuiteRunnerWorker.java:86)
                        	at org.testng.TestNG.runSuitesSequentially(TestNG.java:1224)
                        	at org.testng.TestNG.runSuitesLocally(TestNG.java:1149)
                        	at org.testng.TestNG.run(TestNG.java:1057)
                        	at org.testng.TestNG.privateMain(TestNG.java:1364)
                        	at org.testng.TestNG.main(TestNG.java:1333)
                     </pre>
                  </div>
               </td>
            </tr>
            <tr id="spafinder.ca.HomepageBody_CA_setBrowser_byStatus_passed_PASS1_row"
                class="testMethodStatusPASS testMethodStatusCONF">
               <td width="100%" class="firstMethodCell">
                  <a onclick="toggleDetailsVisibility('spafinder.ca.HomepageBody_CA_setBrowser_byStatus_passed_PASS1_details')">setBrowser()</a>
               </td>
               <td nowrap="true">15:25:04</td>
               <td nowrap="true" align="right">9s
                  
               </td>
               <td nowrap="true">
                   
                  
               </td>
            </tr>
            <tr>
               <td colspan="4" class="detailsBox">
                  <div id="spafinder.ca.HomepageBody_CA_setBrowser_byStatus_passed_PASS1_details"
                       class="testMethodDetails">
                     <div>
                        <b>Name: </b>setBrowser
                     </div>
                     <div>
                        <b>Signature: </b>setBrowser()[pri:0, instance:spafinder.ca.HomepageBody_CA@74a7e4d9]
                     </div>
                     <div>
                        <b>Start time: </b>15:25:04
                     </div>
                     <div>
                        <b>End time: </b>15:25:13
                     </div>
                     <div>
                        <b>Duration: </b>9s
                        
                     </div>
                  </div>
               </td>
            </tr>
            <tr></tr>
            <tr id="spafinder.ca.HomepageBody_CA_heroImageTest_byStatus_passed_PASS2_row"
                class="testMethodStatusPASS">
               <td width="100%" class="firstMethodCell">
                  <a onclick="toggleDetailsVisibility('spafinder.ca.HomepageBody_CA_heroImageTest_byStatus_passed_PASS2_details')">heroImageTest()</a>
               </td>
               <td nowrap="true">15:25:13</td>
               <td nowrap="true" align="right">20s
                  
               </td>
               <td nowrap="true">
                   
                  
               </td>
            </tr>
            <tr>
               <td colspan="4" class="detailsBox">
                  <div id="spafinder.ca.HomepageBody_CA_heroImageTest_byStatus_passed_PASS2_details"
                       class="testMethodDetails">
                     <div>
                        <b>Name: </b>heroImageTest
                     </div>
                     <div>
                        <b>Signature: </b>heroImageTest()[pri:0, instance:spafinder.ca.HomepageBody_CA@74a7e4d9]
                     </div>
                     <div>
                        <b>Start time: </b>15:25:13
                     </div>
                     <div>
                        <b>End time: </b>15:25:33
                     </div>
                     <div>
                        <b>Duration: </b>20s
                        
                     </div>
                  </div>
               </td>
            </tr>
            <tr></tr>
            <tr id="spafinder.ca.HomepageBody_CA_newslettersTest_byStatus_passed_PASS3_row"
                class="testMethodStatusPASS">
               <td width="100%" class="firstMethodCell">
                  <a onclick="toggleDetailsVisibility('spafinder.ca.HomepageBody_CA_newslettersTest_byStatus_passed_PASS3_details')">newslettersTest()</a>
               </td>
               <td nowrap="true">15:25:33</td>
               <td nowrap="true" align="right">21s
                  
               </td>
               <td nowrap="true">
                   
                  
               </td>
            </tr>
            <tr>
               <td colspan="4" class="detailsBox">
                  <div id="spafinder.ca.HomepageBody_CA_newslettersTest_byStatus_passed_PASS3_details"
                       class="testMethodDetails">
                     <div>
                        <b>Name: </b>newslettersTest
                     </div>
                     <div>
                        <b>Signature: </b>newslettersTest()[pri:0, instance:spafinder.ca.HomepageBody_CA@74a7e4d9]
                     </div>
                     <div>
                        <b>Start time: </b>15:25:33
                     </div>
                     <div>
                        <b>End time: </b>15:25:54
                     </div>
                     <div>
                        <b>Duration: </b>21s
                        
                     </div>
                  </div>
               </td>
            </tr>
            <tr></tr>
            <tr id="spafinder.ca.HomepageBody_CA_pageTitleTest_byStatus_passed_PASS4_row"
                class="testMethodStatusPASS">
               <td width="100%" class="firstMethodCell">
                  <a onclick="toggleDetailsVisibility('spafinder.ca.HomepageBody_CA_pageTitleTest_byStatus_passed_PASS4_details')">pageTitleTest()</a>
               </td>
               <td nowrap="true">15:25:54</td>
               <td nowrap="true" align="right">8s
                  
               </td>
               <td nowrap="true">
                   
                  
               </td>
            </tr>
            <tr>
               <td colspan="4" class="detailsBox">
                  <div id="spafinder.ca.HomepageBody_CA_pageTitleTest_byStatus_passed_PASS4_details"
                       class="testMethodDetails">
                     <div>
                        <b>Name: </b>pageTitleTest
                     </div>
                     <div>
                        <b>Signature: </b>pageTitleTest()[pri:0, instance:spafinder.ca.HomepageBody_CA@74a7e4d9]
                     </div>
                     <div>
                        <b>Start time: </b>15:25:54
                     </div>
                     <div>
                        <b>End time: </b>15:26:01
                     </div>
                     <div>
                        <b>Duration: </b>8s
                        
                     </div>
                  </div>
               </td>
            </tr>
            <tr></tr>
            <tr id="spafinder.ca.HomepageBody_CA_closeURL_byStatus_passed_PASS5_row"
                class="testMethodStatusPASS testMethodStatusCONF">
               <td width="100%" class="firstMethodCell">
                  <a onclick="toggleDetailsVisibility('spafinder.ca.HomepageBody_CA_closeURL_byStatus_passed_PASS5_details')">closeURL()</a>
               </td>
               <td nowrap="true">15:26:17</td>
               <td nowrap="true" align="right">1s
                  
               </td>
               <td nowrap="true">
                   
                  
               </td>
            </tr>
            <tr>
               <td colspan="4" class="detailsBox">
                  <div id="spafinder.ca.HomepageBody_CA_closeURL_byStatus_passed_PASS5_details"
                       class="testMethodDetails">
                     <div>
                        <b>Name: </b>closeURL
                     </div>
                     <div>
                        <b>Signature: </b>closeURL()[pri:0, instance:spafinder.ca.HomepageBody_CA@74a7e4d9]
                     </div>
                     <div>
                        <b>Start time: </b>15:26:17
                     </div>
                     <div>
                        <b>End time: </b>15:26:19
                     </div>
                     <div>
                        <b>Duration: </b>1s
                        
                     </div>
                  </div>
               </td>
            </tr>
            <tr></tr>
         </table>
      </div>
      <div id="testMethodsByClass" style="display: none;">
         <table class="testMethodsTable" cellpadding="0" cellspacing="0">
            <tr>
               <td colspan="4">
                  <h3 style="display: inline;">spafinder.ca.HomepageBody_CA</h3>
               </td>
            </tr>
            <tr class="methodsTableHeader">
               <td width="100%">Name</td>
               <td nowrap="true">Started</td>
               <td nowrap="true">Duration</td>
               <td>Exception</td>
            </tr>
            <tr id="spafinder.ca.HomepageBody_CA_setBrowser_byClass_PASS1_row"
                class="testMethodStatusPASS testMethodStatusCONF">
               <td width="100%" class="firstMethodCell">
                  <a onclick="toggleDetailsVisibility('spafinder.ca.HomepageBody_CA_setBrowser_byClass_PASS1_details')">setBrowser()</a>
               </td>
               <td nowrap="true">15:25:04</td>
               <td nowrap="true" align="right">9s
                  
               </td>
               <td nowrap="true">
                   
                  
               </td>
            </tr>
            <tr>
               <td colspan="4" class="detailsBox">
                  <div id="spafinder.ca.HomepageBody_CA_setBrowser_byClass_PASS1_details"
                       class="testMethodDetails">
                     <div>
                        <b>Name: </b>setBrowser
                     </div>
                     <div>
                        <b>Signature: </b>setBrowser()[pri:0, instance:spafinder.ca.HomepageBody_CA@74a7e4d9]
                     </div>
                     <div>
                        <b>Start time: </b>15:25:04
                     </div>
                     <div>
                        <b>End time: </b>15:25:13
                     </div>
                     <div>
                        <b>Duration: </b>9s
                        
                     </div>
                  </div>
               </td>
            </tr>
            <tr></tr>
            <tr id="spafinder.ca.HomepageBody_CA_heroImageTest_byClass_PASS2_row"
                class="testMethodStatusPASS">
               <td width="100%" class="firstMethodCell">
                  <a onclick="toggleDetailsVisibility('spafinder.ca.HomepageBody_CA_heroImageTest_byClass_PASS2_details')">heroImageTest()</a>
               </td>
               <td nowrap="true">15:25:13</td>
               <td nowrap="true" align="right">20s
                  
               </td>
               <td nowrap="true">
                   
                  
               </td>
            </tr>
            <tr>
               <td colspan="4" class="detailsBox">
                  <div id="spafinder.ca.HomepageBody_CA_heroImageTest_byClass_PASS2_details"
                       class="testMethodDetails">
                     <div>
                        <b>Name: </b>heroImageTest
                     </div>
                     <div>
                        <b>Signature: </b>heroImageTest()[pri:0, instance:spafinder.ca.HomepageBody_CA@74a7e4d9]
                     </div>
                     <div>
                        <b>Start time: </b>15:25:13
                     </div>
                     <div>
                        <b>End time: </b>15:25:33
                     </div>
                     <div>
                        <b>Duration: </b>20s
                        
                     </div>
                  </div>
               </td>
            </tr>
            <tr></tr>
            <tr id="spafinder.ca.HomepageBody_CA_newslettersTest_byClass_PASS3_row"
                class="testMethodStatusPASS">
               <td width="100%" class="firstMethodCell">
                  <a onclick="toggleDetailsVisibility('spafinder.ca.HomepageBody_CA_newslettersTest_byClass_PASS3_details')">newslettersTest()</a>
               </td>
               <td nowrap="true">15:25:33</td>
               <td nowrap="true" align="right">21s
                  
               </td>
               <td nowrap="true">
                   
                  
               </td>
            </tr>
            <tr>
               <td colspan="4" class="detailsBox">
                  <div id="spafinder.ca.HomepageBody_CA_newslettersTest_byClass_PASS3_details"
                       class="testMethodDetails">
                     <div>
                        <b>Name: </b>newslettersTest
                     </div>
                     <div>
                        <b>Signature: </b>newslettersTest()[pri:0, instance:spafinder.ca.HomepageBody_CA@74a7e4d9]
                     </div>
                     <div>
                        <b>Start time: </b>15:25:33
                     </div>
                     <div>
                        <b>End time: </b>15:25:54
                     </div>
                     <div>
                        <b>Duration: </b>21s
                        
                     </div>
                  </div>
               </td>
            </tr>
            <tr></tr>
            <tr id="spafinder.ca.HomepageBody_CA_pageTitleTest_byClass_PASS4_row"
                class="testMethodStatusPASS">
               <td width="100%" class="firstMethodCell">
                  <a onclick="toggleDetailsVisibility('spafinder.ca.HomepageBody_CA_pageTitleTest_byClass_PASS4_details')">pageTitleTest()</a>
               </td>
               <td nowrap="true">15:25:54</td>
               <td nowrap="true" align="right">8s
                  
               </td>
               <td nowrap="true">
                   
                  
               </td>
            </tr>
            <tr>
               <td colspan="4" class="detailsBox">
                  <div id="spafinder.ca.HomepageBody_CA_pageTitleTest_byClass_PASS4_details"
                       class="testMethodDetails">
                     <div>
                        <b>Name: </b>pageTitleTest
                     </div>
                     <div>
                        <b>Signature: </b>pageTitleTest()[pri:0, instance:spafinder.ca.HomepageBody_CA@74a7e4d9]
                     </div>
                     <div>
                        <b>Start time: </b>15:25:54
                     </div>
                     <div>
                        <b>End time: </b>15:26:01
                     </div>
                     <div>
                        <b>Duration: </b>8s
                        
                     </div>
                  </div>
               </td>
            </tr>
            <tr></tr>
            <tr id="spafinder.ca.HomepageBody_CA_wellnessLifestyleTest_byClass_FAIL5_row"
                class="testMethodStatusFAIL">
               <td width="100%" class="firstMethodCell">
                  <a onclick="toggleDetailsVisibility('spafinder.ca.HomepageBody_CA_wellnessLifestyleTest_byClass_FAIL5_details')">wellnessLifestyleTest()</a>
               </td>
               <td nowrap="true">15:26:01</td>
               <td nowrap="true" align="right">16s
                  
               </td>
               <td nowrap="true">
                  <a onclick="toggleDetailsVisibility('spafinder.ca.HomepageBody_CA_wellnessLifestyleTest_byClass_FAIL5_exception')">org.openqa.selenium.NoAlertPresentException: 
                     No alert is present (WARNING: The server did not provide any stacktrace information)
                     Command duration or timeout: 8.42 seconds
                     Build info: version: '2.43.0', revision: '597b76b', time: '2014-09-09 20:52:38'
                     System info: host: 'JCHOWDRY1013WKS', ip: '192.168.71.102', os.name: 'Windows 7', os.arch: 'amd64', os.version: '6.1', java.version:
                     '1.7.0_40'
                     Session ID: 6c175b42-db21-4136-b211-4413f9ddac19
                     Driver info: org.openqa.selenium.firefox.FirefoxDriver
                     Capabilities [{platform=WINDOWS, databaseEnabled=true, cssSelectorsEnabled=true, javascriptEnabled=true, acceptSslCerts=true,
                     handlesAlerts=true, browserName=firefox, webStorageEnabled=true, nativeEvents=true, rotatable=false, locationContextEnabled=true,
                     applicationCacheEnabled=true, takesScreenshot=true, version=32.0.3}]
                     
                  </a>
                   
                  
               </td>
            </tr>
            <tr>
               <td colspan="4" class="detailsBox">
                  <div id="spafinder.ca.HomepageBody_CA_wellnessLifestyleTest_byClass_FAIL5_details"
                       class="testMethodDetails">
                     <div>
                        <b>Name: </b>wellnessLifestyleTest
                     </div>
                     <div>
                        <b>Signature: </b>wellnessLifestyleTest()[pri:0, instance:spafinder.ca.HomepageBody_CA@74a7e4d9]
                     </div>
                     <div>
                        <b>Start time: </b>15:26:01
                     </div>
                     <div>
                        <b>End time: </b>15:26:17
                     </div>
                     <div>
                        <b>Duration: </b>16s
                        
                     </div>
                  </div>
               </td>
            </tr>
            <tr>
               <td colspan="4" class="detailsBox">
                  <div id="spafinder.ca.HomepageBody_CA_wellnessLifestyleTest_byClass_FAIL5_exception"
                       class="testMethodDetails">
                     <pre style="padding: 5px; margin: 0;">org.openqa.selenium.NoAlertPresentException: No alert is present (WARNING: The server did not provide any stacktrace information)
                        Command duration or timeout: 8.42 seconds
                        Build info: version: '2.43.0', revision: '597b76b', time: '2014-09-09 20:52:38'
                        System info: host: 'JCHOWDRY1013WKS', ip: '192.168.71.102', os.name: 'Windows 7', os.arch: 'amd64', os.version: '6.1', java.version:
                        '1.7.0_40'
                        Session ID: 6c175b42-db21-4136-b211-4413f9ddac19
                        Driver info: org.openqa.selenium.firefox.FirefoxDriver
                        Capabilities [{platform=WINDOWS, databaseEnabled=true, cssSelectorsEnabled=true, javascriptEnabled=true, acceptSslCerts=true,
                        handlesAlerts=true, browserName=firefox, webStorageEnabled=true, nativeEvents=true, rotatable=false, locationContextEnabled=true,
                        applicationCacheEnabled=true, takesScreenshot=true, version=32.0.3}]
                        	at sun.reflect.NativeConstructorAccessorImpl.newInstance0(Native Method)
                        	at sun.reflect.NativeConstructorAccessorImpl.newInstance(Unknown Source)
                        	at sun.reflect.DelegatingConstructorAccessorImpl.newInstance(Unknown Source)
                        	at java.lang.reflect.Constructor.newInstance(Unknown Source)
                        	at org.openqa.selenium.remote.ErrorHandler.createThrowable(ErrorHandler.java:204)
                        	at org.openqa.selenium.remote.ErrorHandler.throwIfResponseFailed(ErrorHandler.java:156)
                        	at org.openqa.selenium.remote.RemoteWebDriver.execute(RemoteWebDriver.java:599)
                        	at org.openqa.selenium.remote.RemoteWebDriver.execute(RemoteWebDriver.java:614)
                        	at org.openqa.selenium.remote.RemoteWebDriver$RemoteTargetLocator.alert(RemoteWebDriver.java:899)
                        	at org.openqa.selenium.support.events.EventFiringWebDriver$EventFiringTargetLocator.alert(EventFiringWebDriver.java:601)
                        	at spafinder.com.abstractor.AbstractClass.alertMsg(AbstractClass.java:389)
                        	at spafinder.ca.HomepageBody_CA.wellnessLifestyleTest(HomepageBody_CA.java:64)
                        	at sun.reflect.NativeMethodAccessorImpl.invoke0(Native Method)
                        	at sun.reflect.NativeMethodAccessorImpl.invoke(Unknown Source)
                        	at sun.reflect.DelegatingMethodAccessorImpl.invoke(Unknown Source)
                        	at java.lang.reflect.Method.invoke(Unknown Source)
                        	at org.testng.internal.MethodInvocationHelper.invokeMethod(MethodInvocationHelper.java:84)
                        	at org.testng.internal.Invoker.invokeMethod(Invoker.java:714)
                        	at org.testng.internal.Invoker.invokeTestMethod(Invoker.java:901)
                        	at org.testng.internal.Invoker.invokeTestMethods(Invoker.java:1231)
                        	at org.testng.internal.TestMethodWorker.invokeTestMethods(TestMethodWorker.java:127)
                        	at org.testng.internal.TestMethodWorker.run(TestMethodWorker.java:111)
                        	at org.testng.TestRunner.privateRun(TestRunner.java:767)
                        	at org.testng.TestRunner.run(TestRunner.java:617)
                        	at org.testng.SuiteRunner.runTest(SuiteRunner.java:334)
                        	at org.testng.SuiteRunner.runSequentially(SuiteRunner.java:329)
                        	at org.testng.SuiteRunner.privateRun(SuiteRunner.java:291)
                        	at org.testng.SuiteRunner.run(SuiteRunner.java:240)
                        	at org.testng.SuiteRunnerWorker.runSuite(SuiteRunnerWorker.java:52)
                        	at org.testng.SuiteRunnerWorker.run(SuiteRunnerWorker.java:86)
                        	at org.testng.TestNG.runSuitesSequentially(TestNG.java:1224)
                        	at org.testng.TestNG.runSuitesLocally(TestNG.java:1149)
                        	at org.testng.TestNG.run(TestNG.java:1057)
                        	at org.testng.TestNG.privateMain(TestNG.java:1364)
                        	at org.testng.TestNG.main(TestNG.java:1333)
                     </pre>
                  </div>
               </td>
            </tr>
            <tr id="spafinder.ca.HomepageBody_CA_closeURL_byClass_PASS6_row"
                class="testMethodStatusPASS testMethodStatusCONF">
               <td width="100%" class="firstMethodCell">
                  <a onclick="toggleDetailsVisibility('spafinder.ca.HomepageBody_CA_closeURL_byClass_PASS6_details')">closeURL()</a>
               </td>
               <td nowrap="true">15:26:17</td>
               <td nowrap="true" align="right">1s
                  
               </td>
               <td nowrap="true">
                   
                  
               </td>
            </tr>
            <tr>
               <td colspan="4" class="detailsBox">
                  <div id="spafinder.ca.HomepageBody_CA_closeURL_byClass_PASS6_details"
                       class="testMethodDetails">
                     <div>
                        <b>Name: </b>closeURL
                     </div>
                     <div>
                        <b>Signature: </b>closeURL()[pri:0, instance:spafinder.ca.HomepageBody_CA@74a7e4d9]
                     </div>
                     <div>
                        <b>Start time: </b>15:26:17
                     </div>
                     <div>
                        <b>End time: </b>15:26:19
                     </div>
                     <div>
                        <b>Duration: </b>1s
                        
                     </div>
                  </div>
               </td>
            </tr>
            <tr></tr>
         </table>
         <br></br>
      </div>
      <div style="margin-top: 15px; color: gray; text-align: center; font-size: 9px;">
         Generated with
         
         <a href="http://code.google.com/p/testng-xslt/" style="color: #8888aa;"
            target="_blank">
            TestNG XSLT
            
         </a>
      </div>
   </body>
</html>