<?xml version="1.0" encoding="UTF-8"?>
<!-- Generated by org.testng.reporters.JUnitXMLReporter -->
<testsuite hostname="JCHOWDRY1013WKS" name="CA Homepage" tests="4" failures="1" timestamp="14 Oct 2014 19:26:19 GMT" time="74.297" errors="0">
  <testcase name="heroImageTest" time="19.763" classname="spafinder.ca.HomepageBody_CA"/>
  <testcase name="newslettersTest" time="20.742" classname="spafinder.ca.HomepageBody_CA"/>
  <testcase name="pageTitleTest" time="7.576" classname="spafinder.ca.HomepageBody_CA"/>
  <testcase name="wellnessLifestyleTest" time="15.84" classname="spafinder.ca.HomepageBody_CA">
    <failure type="org.openqa.selenium.NoAlertPresentException" message="No alert is present (WARNING: The server did not provide any stacktrace information)
Command duration or timeout: 8.42 seconds
Build info: version: &amp;apos;2.43.0&amp;apos;, revision: &amp;apos;597b76b&amp;apos;, time: &amp;apos;2014-09-09 20:52:38&amp;apos;
System info: host: &amp;apos;JCHOWDRY1013WKS&amp;apos;, ip: &amp;apos;192.168.71.102&amp;apos;, os.name: &amp;apos;Windows 7&amp;apos;, os.arch: &amp;apos;amd64&amp;apos;, os.version: &amp;apos;6.1&amp;apos;, java.version: &amp;apos;1.7.0_40&amp;apos;
Session ID: 6c175b42-db21-4136-b211-4413f9ddac19
Driver info: org.openqa.selenium.firefox.FirefoxDriver
Capabilities [{platform=WINDOWS, databaseEnabled=true, cssSelectorsEnabled=true, javascriptEnabled=true, acceptSslCerts=true, handlesAlerts=true, browserName=firefox, webStorageEnabled=true, nativeEvents=true, rotatable=false, locationContextEnabled=true, applicationCacheEnabled=true, takesScreenshot=true, version=32.0.3}]">
      <![CDATA[org.openqa.selenium.NoAlertPresentException: No alert is present (WARNING: The server did not provide any stacktrace information)
Command duration or timeout: 8.42 seconds
Build info: version: '2.43.0', revision: '597b76b', time: '2014-09-09 20:52:38'
System info: host: 'JCHOWDRY1013WKS', ip: '192.168.71.102', os.name: 'Windows 7', os.arch: 'amd64', os.version: '6.1', java.version: '1.7.0_40'
Session ID: 6c175b42-db21-4136-b211-4413f9ddac19
Driver info: org.openqa.selenium.firefox.FirefoxDriver
Capabilities [{platform=WINDOWS, databaseEnabled=true, cssSelectorsEnabled=true, javascriptEnabled=true, acceptSslCerts=true, handlesAlerts=true, browserName=firefox, webStorageEnabled=true, nativeEvents=true, rotatable=false, locationContextEnabled=true, applicationCacheEnabled=true, takesScreenshot=true, version=32.0.3}]
	at org.openqa.selenium.remote.ErrorHandler.createThrowable(ErrorHandler.java:204)
	at org.openqa.selenium.remote.ErrorHandler.throwIfResponseFailed(ErrorHandler.java:156)
	at org.openqa.selenium.remote.RemoteWebDriver.execute(RemoteWebDriver.java:599)
	at org.openqa.selenium.remote.RemoteWebDriver.execute(RemoteWebDriver.java:614)
	at org.openqa.selenium.remote.RemoteWebDriver$RemoteTargetLocator.alert(RemoteWebDriver.java:899)
	at org.openqa.selenium.support.events.EventFiringWebDriver$EventFiringTargetLocator.alert(EventFiringWebDriver.java:601)
	at spafinder.com.abstractor.AbstractClass.alertMsg(AbstractClass.java:389)
	at spafinder.ca.HomepageBody_CA.wellnessLifestyleTest(HomepageBody_CA.java:64)
... Removed 27 stack frames]]>
    </failure>
  </testcase> <!-- wellnessLifestyleTest -->
</testsuite> <!-- CA Homepage -->
