<?xml version="1.0" encoding="UTF-8"?>
<!-- Generated by org.testng.reporters.JUnitXMLReporter -->
<testsuite hostname="JCHOWDRY1013WKS" name="CA Search by City, Country, Zip, SpaTypes" tests="5" failures="0" timestamp="14 Oct 2014 19:17:44 GMT" time="318.362" errors="0">
  <testcase name="searchByFitnessInCA" time="43.35" classname="spafinder.ca.SearchBoxTestingCA"/>
  <testcase name="searchByMassageInCA" time="30.219" classname="spafinder.ca.SearchBoxTestingCA"/>
  <testcase name="searchByPilatesInCA" time="51.462" classname="spafinder.ca.SearchBoxTestingCA"/>
  <testcase name="searchBySpaInCA" time="136.331" classname="spafinder.ca.SearchBoxTestingCA"/>
  <testcase name="searchByYogaInCA" time="47.249" classname="spafinder.ca.SearchBoxTestingCA"/>
</testsuite> <!-- CA Search by City, Country, Zip, SpaTypes -->
