<?xml version="1.0" encoding="UTF-8"?>
<!-- Generated by org.testng.reporters.JUnitXMLReporter -->
<testsuite hostname="JCHOWDRY1013WKS" name="Search by City, Country, Zip, SpaTypes in USA" tests="5" failures="0" timestamp="14 Oct 2014 19:08:44 GMT" time="364.757" errors="0">
  <testcase name="searchByFitness" time="53.537" classname="spafinder.com.SearchBoxTestingUSA"/>
  <testcase name="searchByMassage" time="40.694" classname="spafinder.com.SearchBoxTestingUSA"/>
  <testcase name="searchByPilates" time="55.2" classname="spafinder.com.SearchBoxTestingUSA"/>
  <testcase name="searchBySpa" time="154.129" classname="spafinder.com.SearchBoxTestingUSA"/>
  <testcase name="searchByYoga" time="50.622" classname="spafinder.com.SearchBoxTestingUSA"/>
</testsuite> <!-- Search by City, Country, Zip, SpaTypes in USA -->
