<?xml version="1.0" encoding="UTF-8"?>
<!-- Generated by org.testng.reporters.JUnitXMLReporter -->
<testsuite hostname="JCHOWDRY1013WKS" name="CA Search by City, Country, Zip, SpaTypes" tests="5" failures="0" timestamp="16 Sep 2014 13:29:07 GMT" time="222.088" errors="0">
  <testcase name="searchByFitnessInCA" time="37.327" classname="spafinder.ca.SearchBoxTestingCA"/>
  <testcase name="searchByMassageInCA" time="36.575" classname="spafinder.ca.SearchBoxTestingCA"/>
  <testcase name="searchByPilatesInCA" time="46.473" classname="spafinder.ca.SearchBoxTestingCA"/>
  <testcase name="searchBySpaInCA" time="43.492" classname="spafinder.ca.SearchBoxTestingCA"/>
  <testcase name="searchByYogaInCA" time="49.829" classname="spafinder.ca.SearchBoxTestingCA"/>
</testsuite> <!-- CA Search by City, Country, Zip, SpaTypes -->
